(keras) K:\python\envs\keras>python source\deep-learning-with-keras-ja\ch01\keras_MINST_V4_2.py
Using TensorFlow backend.
60000 train samples
10000 test samples
_________________________________________________________________
Layer (type)                 Output Shape              Param #
=================================================================
dense_1 (Dense)              (None, 128)               100480
_________________________________________________________________
activation_1 (Activation)    (None, 128)               0
_________________________________________________________________
dropout_1 (Dropout)          (None, 128)               0
_________________________________________________________________
dense_2 (Dense)              (None, 128)               16512
_________________________________________________________________
activation_2 (Activation)    (None, 128)               0
_________________________________________________________________
dropout_2 (Dropout)          (None, 128)               0
_________________________________________________________________
dense_3 (Dense)              (None, 10)                1290
_________________________________________________________________
activation_3 (Activation)    (None, 10)                0
=================================================================
Total params: 118,282
Trainable params: 118,282
Non-trainable params: 0
_________________________________________________________________
Train on 48000 samples, validate on 12000 samples
Epoch 1/20
48000/48000 [==============================] - 3s 65us/step - loss: 0.5180 - acc: 0.8436 - val_loss: 0.1881 - val_acc: 0.9431
Epoch 2/20
48000/48000 [==============================] - 3s 64us/step - loss: 0.2328 - acc: 0.9299 - val_loss: 0.1413 - val_acc: 0.9581
Epoch 3/20
48000/48000 [==============================] - 3s 64us/step - loss: 0.1817 - acc: 0.9453 - val_loss: 0.1151 - val_acc: 0.9656
Epoch 4/20
48000/48000 [==============================] - 3s 63us/step - loss: 0.1548 - acc: 0.9532 - val_loss: 0.1074 - val_acc: 0.9683
Epoch 5/20
48000/48000 [==============================] - 3s 64us/step - loss: 0.1333 - acc: 0.9600 - val_loss: 0.1007 - val_acc: 0.9707
Epoch 6/20
48000/48000 [==============================] - 3s 63us/step - loss: 0.1209 - acc: 0.9625 - val_loss: 0.0900 - val_acc: 0.9736
Epoch 7/20
48000/48000 [==============================] - 3s 63us/step - loss: 0.1081 - acc: 0.9667 - val_loss: 0.0876 - val_acc: 0.9744
Epoch 8/20
48000/48000 [==============================] - 3s 64us/step - loss: 0.1001 - acc: 0.9696 - val_loss: 0.0856 - val_acc: 0.9742
Epoch 9/20
48000/48000 [==============================] - 3s 63us/step - loss: 0.0913 - acc: 0.9709 - val_loss: 0.0830 - val_acc: 0.9752
Epoch 10/20
48000/48000 [==============================] - 3s 63us/step - loss: 0.0872 - acc: 0.9724 - val_loss: 0.0807 - val_acc: 0.9765
Epoch 11/20
48000/48000 [==============================] - 3s 63us/step - loss: 0.0801 - acc: 0.9735 - val_loss: 0.0827 - val_acc: 0.9768
Epoch 12/20
48000/48000 [==============================] - 3s 63us/step - loss: 0.0769 - acc: 0.9757 - val_loss: 0.0835 - val_acc: 0.9759
Epoch 13/20
48000/48000 [==============================] - 3s 63us/step - loss: 0.0725 - acc: 0.9766 - val_loss: 0.0791 - val_acc: 0.9769
Epoch 14/20
48000/48000 [==============================] - 3s 64us/step - loss: 0.0697 - acc: 0.9779 - val_loss: 0.0817 - val_acc: 0.9776
Epoch 15/20
48000/48000 [==============================] - 3s 63us/step - loss: 0.0696 - acc: 0.9772 - val_loss: 0.0790 - val_acc: 0.9781
Epoch 16/20
48000/48000 [==============================] - 3s 63us/step - loss: 0.0638 - acc: 0.9792 - val_loss: 0.0773 - val_acc: 0.9784
Epoch 17/20
48000/48000 [==============================] - 3s 62us/step - loss: 0.0603 - acc: 0.9804 - val_loss: 0.0778 - val_acc: 0.9797
Epoch 18/20
48000/48000 [==============================] - 3s 63us/step - loss: 0.0583 - acc: 0.9806 - val_loss: 0.0744 - val_acc: 0.9786
Epoch 19/20
48000/48000 [==============================] - 3s 62us/step - loss: 0.0570 - acc: 0.9811 - val_loss: 0.0833 - val_acc: 0.9776
Epoch 20/20
48000/48000 [==============================] - 3s 62us/step - loss: 0.0581 - acc: 0.9807 - val_loss: 0.0778 - val_acc: 0.9794
10000/10000 [==============================] - 0s 43us/step
Test score: 0.0767312533086
Test accuracy: 0.9784
学習処理時間：0:01:03.596233