(keras) K:\python\envs\keras>python source\deep-learning-with-keras-ja\ch01\keras_MINST_V5_2.py
Using TensorFlow backend.
60000 train samples
10000 test samples
_________________________________________________________________
Layer (type)                 Output Shape              Param #
=================================================================
dense_1 (Dense)              (None, 128)               100480
_________________________________________________________________
activation_1 (Activation)    (None, 128)               0
_________________________________________________________________
dropout_1 (Dropout)          (None, 128)               0
_________________________________________________________________
dense_2 (Dense)              (None, 128)               16512
_________________________________________________________________
activation_2 (Activation)    (None, 128)               0
_________________________________________________________________
dropout_2 (Dropout)          (None, 128)               0
_________________________________________________________________
dense_3 (Dense)              (None, 128)               16512
_________________________________________________________________
activation_3 (Activation)    (None, 128)               0
_________________________________________________________________
dropout_3 (Dropout)          (None, 128)               0
_________________________________________________________________
dense_4 (Dense)              (None, 10)                1290
_________________________________________________________________
activation_4 (Activation)    (None, 10)                0
=================================================================
Total params: 134,794
Trainable params: 134,794
Non-trainable params: 0
_________________________________________________________________
Train on 48000 samples, validate on 12000 samples
Epoch 1/200
48000/48000 [==============================] - 4s 79us/step - loss: 0.9773 - acc: 0.8219 - val_loss: 0.3806 - val_acc: 0.9385
Epoch 2/200
48000/48000 [==============================] - 4s 77us/step - loss: 0.4237 - acc: 0.9142 - val_loss: 0.2940 - val_acc: 0.9464
Epoch 3/200
48000/48000 [==============================] - 4s 77us/step - loss: 0.3573 - acc: 0.9261 - val_loss: 0.3076 - val_acc: 0.9353
Epoch 4/200
48000/48000 [==============================] - 4s 77us/step - loss: 0.3337 - acc: 0.9326 - val_loss: 0.2301 - val_acc: 0.9607
Epoch 5/200
48000/48000 [==============================] - 4s 77us/step - loss: 0.3222 - acc: 0.9337 - val_loss: 0.2412 - val_acc: 0.9564
Epoch 6/200
48000/48000 [==============================] - 4s 77us/step - loss: 0.3209 - acc: 0.9351 - val_loss: 0.2238 - val_acc: 0.9613
Epoch 7/200
48000/48000 [==============================] - 4s 76us/step - loss: 0.3162 - acc: 0.9364 - val_loss: 0.2209 - val_acc: 0.9628
Epoch 8/200
48000/48000 [==============================] - 4s 77us/step - loss: 0.3031 - acc: 0.9390 - val_loss: 0.2322 - val_acc: 0.9603
Epoch 9/200
48000/48000 [==============================] - 4s 84us/step - loss: 0.3041 - acc: 0.9385 - val_loss: 0.2229 - val_acc: 0.9616
Epoch 10/200
48000/48000 [==============================] - 4s 82us/step - loss: 0.3038 - acc: 0.9385 - val_loss: 0.2237 - val_acc: 0.9622
Epoch 11/200
48000/48000 [==============================] - 4s 80us/step - loss: 0.3039 - acc: 0.9396 - val_loss: 0.2158 - val_acc: 0.9640
Epoch 12/200
48000/48000 [==============================] - 4s 78us/step - loss: 0.3028 - acc: 0.9406 - val_loss: 0.2354 - val_acc: 0.9595
Epoch 13/200
48000/48000 [==============================] - 4s 77us/step - loss: 0.3010 - acc: 0.9412 - val_loss: 0.2184 - val_acc: 0.9623
Epoch 14/200
48000/48000 [==============================] - 4s 76us/step - loss: 0.2992 - acc: 0.9414 - val_loss: 0.2196 - val_acc: 0.9639
Epoch 15/200
48000/48000 [==============================] - 4s 76us/step - loss: 0.2988 - acc: 0.9400 - val_loss: 0.2127 - val_acc: 0.9646
Epoch 16/200
48000/48000 [==============================] - 4s 77us/step - loss: 0.2979 - acc: 0.9402 - val_loss: 0.2498 - val_acc: 0.9565
Epoch 17/200
48000/48000 [==============================] - 4s 76us/step - loss: 0.3033 - acc: 0.9401 - val_loss: 0.2172 - val_acc: 0.9639
Epoch 18/200
48000/48000 [==============================] - 4s 76us/step - loss: 0.2996 - acc: 0.9402 - val_loss: 0.2107 - val_acc: 0.9658
Epoch 19/200
48000/48000 [==============================] - 4s 76us/step - loss: 0.2973 - acc: 0.9416 - val_loss: 0.2077 - val_acc: 0.9681
Epoch 20/200
48000/48000 [==============================] - 4s 76us/step - loss: 0.3013 - acc: 0.9407 - val_loss: 0.2067 - val_acc: 0.9673
Epoch 21/200
48000/48000 [==============================] - 4s 76us/step - loss: 0.2974 - acc: 0.9411 - val_loss: 0.2099 - val_acc: 0.9668
Epoch 22/200
48000/48000 [==============================] - 4s 78us/step - loss: 0.2983 - acc: 0.9422 - val_loss: 0.2173 - val_acc: 0.9650
Epoch 23/200
48000/48000 [==============================] - 4s 77us/step - loss: 0.3022 - acc: 0.9413 - val_loss: 0.2120 - val_acc: 0.9664
Epoch 24/200
48000/48000 [==============================] - 4s 76us/step - loss: 0.3044 - acc: 0.9390 - val_loss: 0.2026 - val_acc: 0.9689
Epoch 25/200
48000/48000 [==============================] - 4s 76us/step - loss: 0.3043 - acc: 0.9401 - val_loss: 0.2134 - val_acc: 0.9658
Epoch 26/200
48000/48000 [==============================] - 4s 76us/step - loss: 0.3003 - acc: 0.9417 - val_loss: 0.2251 - val_acc: 0.9637
Epoch 27/200
48000/48000 [==============================] - 4s 77us/step - loss: 0.3008 - acc: 0.9418 - val_loss: 0.2201 - val_acc: 0.9626
Epoch 28/200
48000/48000 [==============================] - 4s 76us/step - loss: 0.3023 - acc: 0.9414 - val_loss: 0.2176 - val_acc: 0.9638
Epoch 29/200
48000/48000 [==============================] - 4s 76us/step - loss: 0.3046 - acc: 0.9402 - val_loss: 0.2167 - val_acc: 0.9638
Epoch 30/200
48000/48000 [==============================] - 4s 76us/step - loss: 0.3015 - acc: 0.9420 - val_loss: 0.2197 - val_acc: 0.9643
Epoch 31/200
48000/48000 [==============================] - 4s 76us/step - loss: 0.3002 - acc: 0.9419 - val_loss: 0.2217 - val_acc: 0.9639
Epoch 32/200
48000/48000 [==============================] - 4s 80us/step - loss: 0.3080 - acc: 0.9398 - val_loss: 0.2067 - val_acc: 0.9681
Epoch 33/200
48000/48000 [==============================] - 4s 81us/step - loss: 0.3053 - acc: 0.9407 - val_loss: 0.2129 - val_acc: 0.9675
Epoch 34/200
48000/48000 [==============================] - 4s 79us/step - loss: 0.3049 - acc: 0.9404 - val_loss: 0.2057 - val_acc: 0.9670
Epoch 35/200
48000/48000 [==============================] - 4s 76us/step - loss: 0.3037 - acc: 0.9408 - val_loss: 0.2085 - val_acc: 0.9658
Epoch 36/200
48000/48000 [==============================] - 4s 76us/step - loss: 0.3072 - acc: 0.9398 - val_loss: 0.2196 - val_acc: 0.9650
Epoch 37/200
48000/48000 [==============================] - 4s 81us/step - loss: 0.3076 - acc: 0.9397 - val_loss: 0.2142 - val_acc: 0.9676
Epoch 38/200
48000/48000 [==============================] - 4s 79us/step - loss: 0.3093 - acc: 0.9393 - val_loss: 0.2132 - val_acc: 0.9683
Epoch 39/200
48000/48000 [==============================] - 4s 79us/step - loss: 0.3076 - acc: 0.9399 - val_loss: 0.2291 - val_acc: 0.9629
Epoch 40/200
48000/48000 [==============================] - 4s 78us/step - loss: 0.3110 - acc: 0.9401 - val_loss: 0.2210 - val_acc: 0.9612
Epoch 41/200
48000/48000 [==============================] - 4s 79us/step - loss: 0.3071 - acc: 0.9392 - val_loss: 0.2106 - val_acc: 0.9677
Epoch 42/200
48000/48000 [==============================] - 4s 78us/step - loss: 0.3103 - acc: 0.9391 - val_loss: 0.2215 - val_acc: 0.9627
Epoch 43/200
48000/48000 [==============================] - 4s 79us/step - loss: 0.3105 - acc: 0.9404 - val_loss: 0.2211 - val_acc: 0.9641
Epoch 44/200
48000/48000 [==============================] - 4s 83us/step - loss: 0.3085 - acc: 0.9400 - val_loss: 0.2344 - val_acc: 0.9588
Epoch 45/200
48000/48000 [==============================] - 4s 81us/step - loss: 0.3132 - acc: 0.9386 - val_loss: 0.2273 - val_acc: 0.9623
Epoch 46/200
48000/48000 [==============================] - 4s 79us/step - loss: 0.3074 - acc: 0.9401 - val_loss: 0.2094 - val_acc: 0.9676
Epoch 47/200
48000/48000 [==============================] - 4s 80us/step - loss: 0.3069 - acc: 0.9398 - val_loss: 0.2291 - val_acc: 0.9614
Epoch 48/200
48000/48000 [==============================] - 4s 79us/step - loss: 0.3129 - acc: 0.9386 - val_loss: 0.2222 - val_acc: 0.9642
Epoch 49/200
48000/48000 [==============================] - 4s 78us/step - loss: 0.3084 - acc: 0.9395 - val_loss: 0.2185 - val_acc: 0.9639
Epoch 50/200
48000/48000 [==============================] - 4s 79us/step - loss: 0.3093 - acc: 0.9398 - val_loss: 0.2092 - val_acc: 0.9678
Epoch 51/200
48000/48000 [==============================] - 4s 79us/step - loss: 0.3117 - acc: 0.9395 - val_loss: 0.2263 - val_acc: 0.9607
Epoch 52/200
48000/48000 [==============================] - 4s 82us/step - loss: 0.3069 - acc: 0.9393 - val_loss: 0.2183 - val_acc: 0.9629
Epoch 53/200
48000/48000 [==============================] - 4s 79us/step - loss: 0.3103 - acc: 0.9386 - val_loss: 0.2354 - val_acc: 0.9633
Epoch 54/200
48000/48000 [==============================] - 4s 78us/step - loss: 0.3116 - acc: 0.9405 - val_loss: 0.2085 - val_acc: 0.9670
Epoch 55/200
48000/48000 [==============================] - 4s 79us/step - loss: 0.3097 - acc: 0.9387 - val_loss: 0.2082 - val_acc: 0.9661
Epoch 56/200
48000/48000 [==============================] - 4s 77us/step - loss: 0.3158 - acc: 0.9390 - val_loss: 0.2008 - val_acc: 0.9699
Epoch 57/200
48000/48000 [==============================] - 4s 79us/step - loss: 0.3160 - acc: 0.9390 - val_loss: 0.2059 - val_acc: 0.9671
Epoch 58/200
48000/48000 [==============================] - 4s 76us/step - loss: 0.3195 - acc: 0.9377 - val_loss: 0.2072 - val_acc: 0.9684
Epoch 59/200
48000/48000 [==============================] - 4s 77us/step - loss: 0.3142 - acc: 0.9394 - val_loss: 0.2277 - val_acc: 0.9610
Epoch 60/200
48000/48000 [==============================] - 4s 77us/step - loss: 0.3157 - acc: 0.9388 - val_loss: 0.2017 - val_acc: 0.9675
Epoch 61/200
48000/48000 [==============================] - 4s 77us/step - loss: 0.3205 - acc: 0.9382 - val_loss: 0.2202 - val_acc: 0.9653
Epoch 62/200
48000/48000 [==============================] - 4s 79us/step - loss: 0.3150 - acc: 0.9385 - val_loss: 0.2202 - val_acc: 0.9624
Epoch 63/200
48000/48000 [==============================] - 4s 76us/step - loss: 0.3218 - acc: 0.9367 - val_loss: 0.2142 - val_acc: 0.9660
Epoch 64/200
48000/48000 [==============================] - 4s 77us/step - loss: 0.3153 - acc: 0.9391 - val_loss: 0.2102 - val_acc: 0.9667
Epoch 65/200
48000/48000 [==============================] - 4s 78us/step - loss: 0.3162 - acc: 0.9387 - val_loss: 0.2208 - val_acc: 0.9637
Epoch 66/200
48000/48000 [==============================] - 4s 76us/step - loss: 0.3167 - acc: 0.9388 - val_loss: 0.2286 - val_acc: 0.9587
Epoch 67/200
48000/48000 [==============================] - 4s 76us/step - loss: 0.3177 - acc: 0.9382 - val_loss: 0.2305 - val_acc: 0.9606
Epoch 68/200
48000/48000 [==============================] - 4s 78us/step - loss: 0.3223 - acc: 0.9369 - val_loss: 0.2348 - val_acc: 0.9605
Epoch 69/200
48000/48000 [==============================] - 4s 76us/step - loss: 0.3227 - acc: 0.9378 - val_loss: 0.2192 - val_acc: 0.9631
Epoch 70/200
48000/48000 [==============================] - 4s 79us/step - loss: 0.3219 - acc: 0.9365 - val_loss: 0.2156 - val_acc: 0.9664
Epoch 71/200
48000/48000 [==============================] - 4s 79us/step - loss: 0.3249 - acc: 0.9353 - val_loss: 0.2129 - val_acc: 0.9651
Epoch 72/200
48000/48000 [==============================] - 4s 79us/step - loss: 0.3223 - acc: 0.9376 - val_loss: 0.2124 - val_acc: 0.9659
Epoch 73/200
48000/48000 [==============================] - 4s 80us/step - loss: 0.3227 - acc: 0.9367 - val_loss: 0.2348 - val_acc: 0.9567
Epoch 74/200
48000/48000 [==============================] - 4s 79us/step - loss: 0.3223 - acc: 0.9367 - val_loss: 0.2210 - val_acc: 0.9615
Epoch 75/200
48000/48000 [==============================] - 4s 78us/step - loss: 0.3217 - acc: 0.9365 - val_loss: 0.2370 - val_acc: 0.9575
Epoch 76/200
48000/48000 [==============================] - 4s 79us/step - loss: 0.3252 - acc: 0.9356 - val_loss: 0.2158 - val_acc: 0.9632
Epoch 77/200
48000/48000 [==============================] - 4s 79us/step - loss: 0.3249 - acc: 0.9352 - val_loss: 0.2115 - val_acc: 0.9656
Epoch 78/200
48000/48000 [==============================] - 4s 81us/step - loss: 0.3241 - acc: 0.9364 - val_loss: 0.2155 - val_acc: 0.9637
Epoch 79/200
48000/48000 [==============================] - 4s 76us/step - loss: 0.3276 - acc: 0.9365 - val_loss: 0.2211 - val_acc: 0.9613
Epoch 80/200
48000/48000 [==============================] - 4s 77us/step - loss: 0.3251 - acc: 0.9360 - val_loss: 0.2123 - val_acc: 0.9661
Epoch 81/200
48000/48000 [==============================] - 4s 76us/step - loss: 0.3257 - acc: 0.9365 - val_loss: 0.2281 - val_acc: 0.9626
Epoch 82/200
48000/48000 [==============================] - 4s 76us/step - loss: 0.3248 - acc: 0.9365 - val_loss: 0.2490 - val_acc: 0.9571
Epoch 83/200
48000/48000 [==============================] - 4s 78us/step - loss: 0.3251 - acc: 0.9372 - val_loss: 0.2270 - val_acc: 0.9607
Epoch 84/200
48000/48000 [==============================] - 4s 80us/step - loss: 0.3258 - acc: 0.9361 - val_loss: 0.2296 - val_acc: 0.9622
Epoch 85/200
48000/48000 [==============================] - 4s 76us/step - loss: 0.3311 - acc: 0.9363 - val_loss: 0.2524 - val_acc: 0.9545
Epoch 86/200
48000/48000 [==============================] - 4s 80us/step - loss: 0.3285 - acc: 0.9352 - val_loss: 0.2132 - val_acc: 0.9651
Epoch 87/200
48000/48000 [==============================] - 4s 77us/step - loss: 0.3282 - acc: 0.9356 - val_loss: 0.2201 - val_acc: 0.9636
Epoch 88/200
48000/48000 [==============================] - 4s 76us/step - loss: 0.3326 - acc: 0.9341 - val_loss: 0.2051 - val_acc: 0.9667
Epoch 89/200
48000/48000 [==============================] - 4s 77us/step - loss: 0.3313 - acc: 0.9340 - val_loss: 0.2150 - val_acc: 0.9646
Epoch 90/200
48000/48000 [==============================] - 4s 83us/step - loss: 0.3308 - acc: 0.9349 - val_loss: 0.2288 - val_acc: 0.9616
Epoch 91/200
48000/48000 [==============================] - 4s 80us/step - loss: 0.3304 - acc: 0.9351 - val_loss: 0.2124 - val_acc: 0.9657
Epoch 92/200
48000/48000 [==============================] - 4s 79us/step - loss: 0.3316 - acc: 0.9353 - val_loss: 0.2429 - val_acc: 0.9562
Epoch 93/200
48000/48000 [==============================] - 4s 76us/step - loss: 0.3344 - acc: 0.9349 - val_loss: 0.2260 - val_acc: 0.9615
Epoch 94/200
48000/48000 [==============================] - 4s 77us/step - loss: 0.3342 - acc: 0.9346 - val_loss: 0.2340 - val_acc: 0.9612
Epoch 95/200
48000/48000 [==============================] - 4s 77us/step - loss: 0.3291 - acc: 0.9345 - val_loss: 0.2420 - val_acc: 0.9582
Epoch 96/200
48000/48000 [==============================] - 4s 77us/step - loss: 0.3315 - acc: 0.9359 - val_loss: 0.2153 - val_acc: 0.9634
Epoch 97/200
48000/48000 [==============================] - 4s 79us/step - loss: 0.3266 - acc: 0.9352 - val_loss: 0.2178 - val_acc: 0.9643
Epoch 98/200
48000/48000 [==============================] - 4s 79us/step - loss: 0.3329 - acc: 0.9353 - val_loss: 0.2168 - val_acc: 0.9633
Epoch 99/200
48000/48000 [==============================] - 4s 77us/step - loss: 0.3379 - acc: 0.9341 - val_loss: 0.2147 - val_acc: 0.9660
Epoch 100/200
48000/48000 [==============================] - 4s 77us/step - loss: 0.3409 - acc: 0.9333 - val_loss: 0.2124 - val_acc: 0.9640
Epoch 101/200
48000/48000 [==============================] - 4s 79us/step - loss: 0.3341 - acc: 0.9354 - val_loss: 0.2106 - val_acc: 0.9629
Epoch 102/200
48000/48000 [==============================] - 4s 80us/step - loss: 0.3379 - acc: 0.9338 - val_loss: 0.2254 - val_acc: 0.9617
Epoch 103/200
48000/48000 [==============================] - 4s 78us/step - loss: 0.3340 - acc: 0.9338 - val_loss: 0.2163 - val_acc: 0.9643
Epoch 104/200
48000/48000 [==============================] - 4s 76us/step - loss: 0.3351 - acc: 0.9350 - val_loss: 0.2182 - val_acc: 0.9629
Epoch 105/200
48000/48000 [==============================] - 4s 77us/step - loss: 0.3303 - acc: 0.9356 - val_loss: 0.2266 - val_acc: 0.9628
Epoch 106/200
48000/48000 [==============================] - 4s 77us/step - loss: 0.3379 - acc: 0.9321 - val_loss: 0.2297 - val_acc: 0.9632
Epoch 107/200
48000/48000 [==============================] - 4s 79us/step - loss: 0.3352 - acc: 0.9350 - val_loss: 0.2182 - val_acc: 0.9636
Epoch 108/200
48000/48000 [==============================] - 4s 78us/step - loss: 0.3346 - acc: 0.9330 - val_loss: 0.2069 - val_acc: 0.9681
Epoch 109/200
48000/48000 [==============================] - 4s 77us/step - loss: 0.3391 - acc: 0.9331 - val_loss: 0.2263 - val_acc: 0.9640
Epoch 110/200
48000/48000 [==============================] - 4s 77us/step - loss: 0.3325 - acc: 0.9356 - val_loss: 0.2280 - val_acc: 0.9615
Epoch 111/200
48000/48000 [==============================] - 4s 77us/step - loss: 0.3364 - acc: 0.9348 - val_loss: 0.2126 - val_acc: 0.9662
Epoch 112/200
48000/48000 [==============================] - 4s 76us/step - loss: 0.3457 - acc: 0.9328 - val_loss: 0.2269 - val_acc: 0.9614
Epoch 113/200
48000/48000 [==============================] - 4s 77us/step - loss: 0.3417 - acc: 0.9336 - val_loss: 0.2169 - val_acc: 0.9640
Epoch 114/200
48000/48000 [==============================] - 4s 77us/step - loss: 0.3411 - acc: 0.9321 - val_loss: 0.2245 - val_acc: 0.9630
Epoch 115/200
48000/48000 [==============================] - 4s 76us/step - loss: 0.3419 - acc: 0.9317 - val_loss: 0.2089 - val_acc: 0.9660
Epoch 116/200
48000/48000 [==============================] - 4s 77us/step - loss: 0.3435 - acc: 0.9314 - val_loss: 0.2578 - val_acc: 0.9554
Epoch 117/200
48000/48000 [==============================] - 4s 77us/step - loss: 0.3448 - acc: 0.9315 - val_loss: 0.2292 - val_acc: 0.9627
Epoch 118/200
48000/48000 [==============================] - 4s 76us/step - loss: 0.3456 - acc: 0.9331 - val_loss: 0.2290 - val_acc: 0.9591
Epoch 119/200
48000/48000 [==============================] - 4s 76us/step - loss: 0.3443 - acc: 0.9320 - val_loss: 0.2137 - val_acc: 0.9652
Epoch 120/200
48000/48000 [==============================] - 4s 77us/step - loss: 0.3463 - acc: 0.9316 - val_loss: 0.2240 - val_acc: 0.9617
Epoch 121/200
48000/48000 [==============================] - 4s 78us/step - loss: 0.3443 - acc: 0.9327 - val_loss: 0.2142 - val_acc: 0.9658
Epoch 122/200
48000/48000 [==============================] - 4s 77us/step - loss: 0.3410 - acc: 0.9333 - val_loss: 0.2325 - val_acc: 0.9617
Epoch 123/200
48000/48000 [==============================] - 4s 78us/step - loss: 0.3431 - acc: 0.9317 - val_loss: 0.2292 - val_acc: 0.9622
Epoch 124/200
48000/48000 [==============================] - 4s 78us/step - loss: 0.3418 - acc: 0.9328 - val_loss: 0.2196 - val_acc: 0.9654
Epoch 125/200
48000/48000 [==============================] - 4s 79us/step - loss: 0.3416 - acc: 0.9324 - val_loss: 0.2294 - val_acc: 0.9624
Epoch 126/200
48000/48000 [==============================] - 4s 78us/step - loss: 0.3482 - acc: 0.9304 - val_loss: 0.2458 - val_acc: 0.9564
Epoch 127/200
48000/48000 [==============================] - 4s 77us/step - loss: 0.3476 - acc: 0.9300 - val_loss: 0.2482 - val_acc: 0.9504
Epoch 128/200
48000/48000 [==============================] - 4s 77us/step - loss: 0.3478 - acc: 0.9303 - val_loss: 0.2239 - val_acc: 0.9613
Epoch 129/200
48000/48000 [==============================] - 4s 77us/step - loss: 0.3529 - acc: 0.9301 - val_loss: 0.2249 - val_acc: 0.9618
Epoch 130/200
48000/48000 [==============================] - 4s 77us/step - loss: 0.3561 - acc: 0.9295 - val_loss: 0.2404 - val_acc: 0.9587
Epoch 131/200
48000/48000 [==============================] - 4s 77us/step - loss: 0.3494 - acc: 0.9287 - val_loss: 0.2236 - val_acc: 0.9610
Epoch 132/200
48000/48000 [==============================] - 4s 78us/step - loss: 0.3488 - acc: 0.9298 - val_loss: 0.2137 - val_acc: 0.9646
Epoch 133/200
48000/48000 [==============================] - 4s 78us/step - loss: 0.3514 - acc: 0.9302 - val_loss: 0.2223 - val_acc: 0.9629
Epoch 134/200
48000/48000 [==============================] - 4s 78us/step - loss: 0.3519 - acc: 0.9315 - val_loss: 0.2120 - val_acc: 0.9662
Epoch 135/200
48000/48000 [==============================] - 4s 81us/step - loss: 0.3466 - acc: 0.9306 - val_loss: 0.2182 - val_acc: 0.9634
Epoch 136/200
48000/48000 [==============================] - 4s 80us/step - loss: 0.3475 - acc: 0.9303 - val_loss: 0.2270 - val_acc: 0.9608
Epoch 137/200
48000/48000 [==============================] - 4s 79us/step - loss: 0.3434 - acc: 0.9312 - val_loss: 0.2226 - val_acc: 0.9627
Epoch 138/200
48000/48000 [==============================] - 4s 82us/step - loss: 0.3622 - acc: 0.9286 - val_loss: 0.2476 - val_acc: 0.9564
Epoch 139/200
48000/48000 [==============================] - 4s 80us/step - loss: 0.3560 - acc: 0.9300 - val_loss: 0.2399 - val_acc: 0.9567
Epoch 140/200
48000/48000 [==============================] - 4s 79us/step - loss: 0.3695 - acc: 0.9279 - val_loss: 0.2306 - val_acc: 0.9587
Epoch 141/200
48000/48000 [==============================] - 4s 80us/step - loss: 0.3542 - acc: 0.9282 - val_loss: 0.2252 - val_acc: 0.9602
Epoch 142/200
48000/48000 [==============================] - 4s 81us/step - loss: 0.3574 - acc: 0.9286 - val_loss: 0.2367 - val_acc: 0.9572
Epoch 143/200
48000/48000 [==============================] - 4s 81us/step - loss: 0.3606 - acc: 0.9271 - val_loss: 0.2254 - val_acc: 0.9610
Epoch 144/200
48000/48000 [==============================] - 4s 80us/step - loss: 0.3610 - acc: 0.9288 - val_loss: 0.2491 - val_acc: 0.9541
Epoch 145/200
48000/48000 [==============================] - 4s 80us/step - loss: 0.3580 - acc: 0.9281 - val_loss: 0.2405 - val_acc: 0.9546
Epoch 146/200
48000/48000 [==============================] - 4s 80us/step - loss: 0.3504 - acc: 0.9297 - val_loss: 0.2299 - val_acc: 0.9604
Epoch 147/200
48000/48000 [==============================] - 4s 79us/step - loss: 0.3531 - acc: 0.9307 - val_loss: 0.2298 - val_acc: 0.9623
Epoch 148/200
48000/48000 [==============================] - 4s 78us/step - loss: 0.3563 - acc: 0.9292 - val_loss: 0.2276 - val_acc: 0.9622
Epoch 149/200
48000/48000 [==============================] - 4s 80us/step - loss: 0.3553 - acc: 0.9296 - val_loss: 0.2273 - val_acc: 0.9604
Epoch 150/200
48000/48000 [==============================] - 4s 83us/step - loss: 0.3644 - acc: 0.9294 - val_loss: 0.2466 - val_acc: 0.9555
Epoch 151/200
48000/48000 [==============================] - 4s 82us/step - loss: 0.3664 - acc: 0.9272 - val_loss: 0.2481 - val_acc: 0.9565
Epoch 152/200
48000/48000 [==============================] - 4s 78us/step - loss: 0.3687 - acc: 0.9264 - val_loss: 0.2300 - val_acc: 0.9608
Epoch 153/200
48000/48000 [==============================] - 4s 78us/step - loss: 0.3607 - acc: 0.9286 - val_loss: 0.2289 - val_acc: 0.9613
Epoch 154/200
48000/48000 [==============================] - 4s 79us/step - loss: 0.3714 - acc: 0.9282 - val_loss: 0.2392 - val_acc: 0.9556
Epoch 155/200
48000/48000 [==============================] - 4s 79us/step - loss: 0.3583 - acc: 0.9274 - val_loss: 0.2186 - val_acc: 0.9632
Epoch 156/200
48000/48000 [==============================] - 4s 78us/step - loss: 0.3651 - acc: 0.9292 - val_loss: 0.2382 - val_acc: 0.9593
Epoch 157/200
48000/48000 [==============================] - 4s 81us/step - loss: 0.3594 - acc: 0.9261 - val_loss: 0.2282 - val_acc: 0.9600
Epoch 158/200
48000/48000 [==============================] - 4s 79us/step - loss: 0.3617 - acc: 0.9270 - val_loss: 0.2473 - val_acc: 0.9562
Epoch 159/200
48000/48000 [==============================] - 4s 78us/step - loss: 0.3646 - acc: 0.9268 - val_loss: 0.2545 - val_acc: 0.9578
Epoch 160/200
48000/48000 [==============================] - 4s 77us/step - loss: 0.3652 - acc: 0.9266 - val_loss: 0.2460 - val_acc: 0.9542
Epoch 161/200
48000/48000 [==============================] - 4s 77us/step - loss: 0.3679 - acc: 0.9261 - val_loss: 0.2268 - val_acc: 0.9601
Epoch 162/200
48000/48000 [==============================] - 4s 78us/step - loss: 0.3632 - acc: 0.9271 - val_loss: 0.2322 - val_acc: 0.9593
Epoch 163/200
48000/48000 [==============================] - 4s 79us/step - loss: 0.3697 - acc: 0.9260 - val_loss: 0.2230 - val_acc: 0.9616
Epoch 164/200
48000/48000 [==============================] - 4s 78us/step - loss: 0.3703 - acc: 0.9244 - val_loss: 0.2279 - val_acc: 0.9614
Epoch 165/200
48000/48000 [==============================] - 4s 78us/step - loss: 0.3692 - acc: 0.9247 - val_loss: 0.2423 - val_acc: 0.9572
Epoch 166/200
48000/48000 [==============================] - 4s 78us/step - loss: 0.3683 - acc: 0.9277 - val_loss: 0.2510 - val_acc: 0.9584
Epoch 167/200
48000/48000 [==============================] - 4s 77us/step - loss: 0.3684 - acc: 0.9255 - val_loss: 0.2333 - val_acc: 0.9582
Epoch 168/200
48000/48000 [==============================] - 4s 77us/step - loss: 0.3709 - acc: 0.9258 - val_loss: 0.2411 - val_acc: 0.9567
Epoch 169/200
48000/48000 [==============================] - 4s 77us/step - loss: 0.3719 - acc: 0.9256 - val_loss: 0.2409 - val_acc: 0.9621
Epoch 170/200
48000/48000 [==============================] - 4s 77us/step - loss: 0.3750 - acc: 0.9253 - val_loss: 0.2405 - val_acc: 0.9541
Epoch 171/200
48000/48000 [==============================] - 4s 76us/step - loss: 0.3722 - acc: 0.9255 - val_loss: 0.2273 - val_acc: 0.9605
Epoch 172/200
48000/48000 [==============================] - 4s 77us/step - loss: 0.3765 - acc: 0.9234 - val_loss: 0.2349 - val_acc: 0.9587
Epoch 173/200
48000/48000 [==============================] - 4s 78us/step - loss: 0.3666 - acc: 0.9253 - val_loss: 0.2416 - val_acc: 0.9563
Epoch 174/200
48000/48000 [==============================] - 4s 78us/step - loss: 0.3697 - acc: 0.9256 - val_loss: 0.2396 - val_acc: 0.9578
Epoch 175/200
48000/48000 [==============================] - 4s 77us/step - loss: 0.3685 - acc: 0.9246 - val_loss: 0.2335 - val_acc: 0.9593
Epoch 176/200
48000/48000 [==============================] - 4s 77us/step - loss: 0.3747 - acc: 0.9250 - val_loss: 0.2437 - val_acc: 0.9575
Epoch 177/200
48000/48000 [==============================] - 4s 77us/step - loss: 0.3731 - acc: 0.9254 - val_loss: 0.2268 - val_acc: 0.9591
Epoch 178/200
48000/48000 [==============================] - 4s 77us/step - loss: 0.3733 - acc: 0.9228 - val_loss: 0.2434 - val_acc: 0.9567
Epoch 179/200
48000/48000 [==============================] - 4s 77us/step - loss: 0.3726 - acc: 0.9232 - val_loss: 0.2262 - val_acc: 0.9596
Epoch 180/200
48000/48000 [==============================] - 4s 77us/step - loss: 0.3802 - acc: 0.9227 - val_loss: 0.2452 - val_acc: 0.9538
Epoch 181/200
48000/48000 [==============================] - 4s 79us/step - loss: 0.3782 - acc: 0.9248 - val_loss: 0.2551 - val_acc: 0.9511
Epoch 182/200
48000/48000 [==============================] - 4s 77us/step - loss: 0.3776 - acc: 0.9233 - val_loss: 0.2323 - val_acc: 0.9598
Epoch 183/200
48000/48000 [==============================] - 4s 77us/step - loss: 0.3770 - acc: 0.9221 - val_loss: 0.2241 - val_acc: 0.9633
Epoch 184/200
48000/48000 [==============================] - 4s 77us/step - loss: 0.3770 - acc: 0.9242 - val_loss: 0.2659 - val_acc: 0.9533
Epoch 185/200
48000/48000 [==============================] - 4s 77us/step - loss: 0.3700 - acc: 0.9241 - val_loss: 0.2288 - val_acc: 0.9598
Epoch 186/200
48000/48000 [==============================] - 4s 78us/step - loss: 0.3794 - acc: 0.9231 - val_loss: 0.2443 - val_acc: 0.9564
Epoch 187/200
48000/48000 [==============================] - 4s 78us/step - loss: 0.3790 - acc: 0.9223 - val_loss: 0.2399 - val_acc: 0.9576
Epoch 188/200
48000/48000 [==============================] - 4s 77us/step - loss: 0.3788 - acc: 0.9226 - val_loss: 0.2574 - val_acc: 0.9493
Epoch 189/200
48000/48000 [==============================] - 4s 77us/step - loss: 0.3831 - acc: 0.9202 - val_loss: 0.2449 - val_acc: 0.9578
Epoch 190/200
48000/48000 [==============================] - 4s 77us/step - loss: 0.3680 - acc: 0.9234 - val_loss: 0.2392 - val_acc: 0.9565
Epoch 191/200
48000/48000 [==============================] - 4s 77us/step - loss: 0.3816 - acc: 0.9222 - val_loss: 0.2349 - val_acc: 0.9584
Epoch 192/200
48000/48000 [==============================] - 4s 78us/step - loss: 0.3786 - acc: 0.9232 - val_loss: 0.2397 - val_acc: 0.9566
Epoch 193/200
48000/48000 [==============================] - 4s 77us/step - loss: 0.3807 - acc: 0.9225 - val_loss: 0.2423 - val_acc: 0.9561
Epoch 194/200
48000/48000 [==============================] - 4s 77us/step - loss: 0.3842 - acc: 0.9225 - val_loss: 0.2369 - val_acc: 0.9587
Epoch 195/200
48000/48000 [==============================] - 4s 77us/step - loss: 0.3832 - acc: 0.9218 - val_loss: 0.2504 - val_acc: 0.9553
Epoch 196/200
48000/48000 [==============================] - 4s 77us/step - loss: 0.3897 - acc: 0.9201 - val_loss: 0.2229 - val_acc: 0.9590
Epoch 197/200
48000/48000 [==============================] - 4s 78us/step - loss: 0.3876 - acc: 0.9194 - val_loss: 0.2594 - val_acc: 0.9501
Epoch 198/200
48000/48000 [==============================] - 4s 77us/step - loss: 0.3863 - acc: 0.9220 - val_loss: 0.2495 - val_acc: 0.9561
Epoch 199/200
48000/48000 [==============================] - 4s 77us/step - loss: 0.3890 - acc: 0.9212 - val_loss: 0.2470 - val_acc: 0.9564
Epoch 200/200
48000/48000 [==============================] - 4s 77us/step - loss: 0.3900 - acc: 0.9210 - val_loss: 0.2342 - val_acc: 0.9591
10000/10000 [==============================] - 1s 50us/step
Test score: 0.226587934244
Test accuracy: 0.9598
学習処理時間：0:12:31.453278