(keras) K:\python\envs\keras>python source/deep-learning-with-keras-ja/ch01/keras_MINST_V2_2.py
Using TensorFlow backend.
60000 train samples
10000 test samples
_________________________________________________________________
Layer (type)                 Output Shape              Param #
=================================================================
dense_1 (Dense)              (None, 128)               100480
_________________________________________________________________
activation_1 (Activation)    (None, 128)               0
_________________________________________________________________
dense_2 (Dense)              (None, 128)               16512
_________________________________________________________________
activation_2 (Activation)    (None, 128)               0
_________________________________________________________________
dense_3 (Dense)              (None, 128)               16512
_________________________________________________________________
activation_3 (Activation)    (None, 128)               0
_________________________________________________________________
dense_4 (Dense)              (None, 128)               16512
_________________________________________________________________
activation_4 (Activation)    (None, 128)               0
_________________________________________________________________
dense_5 (Dense)              (None, 128)               16512
_________________________________________________________________
activation_5 (Activation)    (None, 128)               0
_________________________________________________________________
dense_6 (Dense)              (None, 128)               16512
_________________________________________________________________
activation_6 (Activation)    (None, 128)               0
_________________________________________________________________
dense_7 (Dense)              (None, 128)               16512
_________________________________________________________________
activation_7 (Activation)    (None, 128)               0
_________________________________________________________________
dense_8 (Dense)              (None, 10)                1290
_________________________________________________________________
activation_8 (Activation)    (None, 10)                0
=================================================================
Total params: 200,842
Trainable params: 200,842
Non-trainable params: 0
_________________________________________________________________
Train on 48000 samples, validate on 12000 samples
Epoch 1/20
48000/48000 [==============================] - 3s 71us/step - loss: 2.2566 - acc: 0.2632 - val_loss: 2.1363 - val_acc: 0.3557
Epoch 2/20
48000/48000 [==============================] - 3s 71us/step - loss: 1.5137 - acc: 0.5500 - val_loss: 0.7478 - val_acc: 0.7733
Epoch 3/20
48000/48000 [==============================] - 3s 71us/step - loss: 0.5884 - acc: 0.8169 - val_loss: 0.4287 - val_acc: 0.8757
Epoch 4/20
48000/48000 [==============================] - 3s 71us/step - loss: 0.4058 - acc: 0.8793 - val_loss: 0.3439 - val_acc: 0.9003
Epoch 5/20
48000/48000 [==============================] - 3s 72us/step - loss: 0.3273 - acc: 0.9044 - val_loss: 0.2850 - val_acc: 0.9146
Epoch 6/20
48000/48000 [==============================] - 3s 72us/step - loss: 0.2836 - acc: 0.9172 - val_loss: 0.2563 - val_acc: 0.9233
Epoch 7/20
48000/48000 [==============================] - 3s 71us/step - loss: 0.2528 - acc: 0.9261 - val_loss: 0.2415 - val_acc: 0.9302
Epoch 8/20
48000/48000 [==============================] - 3s 72us/step - loss: 0.2257 - acc: 0.9346 - val_loss: 0.2181 - val_acc: 0.9354
Epoch 9/20
48000/48000 [==============================] - 3s 71us/step - loss: 0.2052 - acc: 0.9397 - val_loss: 0.1962 - val_acc: 0.9431
Epoch 10/20
48000/48000 [==============================] - 3s 72us/step - loss: 0.1872 - acc: 0.9442 - val_loss: 0.1774 - val_acc: 0.9499
Epoch 11/20
48000/48000 [==============================] - 3s 71us/step - loss: 0.1718 - acc: 0.9487 - val_loss: 0.1678 - val_acc: 0.9512
Epoch 12/20
48000/48000 [==============================] - 3s 71us/step - loss: 0.1587 - acc: 0.9534 - val_loss: 0.1601 - val_acc: 0.9533
Epoch 13/20
48000/48000 [==============================] - 3s 71us/step - loss: 0.1476 - acc: 0.9559 - val_loss: 0.1616 - val_acc: 0.9532
Epoch 14/20
48000/48000 [==============================] - 3s 70us/step - loss: 0.1372 - acc: 0.9587 - val_loss: 0.1561 - val_acc: 0.9543
Epoch 15/20
48000/48000 [==============================] - 3s 71us/step - loss: 0.1276 - acc: 0.9615 - val_loss: 0.1444 - val_acc: 0.9575
Epoch 16/20
48000/48000 [==============================] - 3s 71us/step - loss: 0.1187 - acc: 0.9652 - val_loss: 0.1380 - val_acc: 0.9591
Epoch 17/20
48000/48000 [==============================] - 3s 71us/step - loss: 0.1130 - acc: 0.9661 - val_loss: 0.1431 - val_acc: 0.9583
Epoch 18/20
48000/48000 [==============================] - 3s 71us/step - loss: 0.1073 - acc: 0.9680 - val_loss: 0.1305 - val_acc: 0.9611
Epoch 19/20
48000/48000 [==============================] - 3s 71us/step - loss: 0.1008 - acc: 0.9695 - val_loss: 0.1258 - val_acc: 0.9622
Epoch 20/20
48000/48000 [==============================] - 3s 71us/step - loss: 0.0951 - acc: 0.9722 - val_loss: 0.1382 - val_acc: 0.9574
10000/10000 [==============================] - 1s 60us/step
Test score: 0.138343280893
Test accuracy: 0.9588
学習処理時間：0:01:10.860078