(keras) K:\python\envs\keras>python source/deep-learning-with-keras-ja/ch01/keras_MINST_V2_1.py
Using TensorFlow backend.
60000 train samples
10000 test samples
_________________________________________________________________
Layer (type)                 Output Shape              Param #
=================================================================
dense_1 (Dense)              (None, 128)               100480
_________________________________________________________________
activation_1 (Activation)    (None, 128)               0
_________________________________________________________________
dense_2 (Dense)              (None, 128)               16512
_________________________________________________________________
activation_2 (Activation)    (None, 128)               0
_________________________________________________________________
dense_3 (Dense)              (None, 10)                1290
_________________________________________________________________
activation_3 (Activation)    (None, 10)                0
=================================================================
Total params: 118,282
Trainable params: 118,282
Non-trainable params: 0
_________________________________________________________________
Train on 48000 samples, validate on 12000 samples
Epoch 1/20
48000/48000 [==============================] - 2s 44us/step - loss: 1.4829 - acc: 0.6231 - val_loss: 0.7583 - val_acc: 0.8286
Epoch 2/20
48000/48000 [==============================] - 2s 43us/step - loss: 0.6049 - acc: 0.8463 - val_loss: 0.4550 - val_acc: 0.8852
Epoch 3/20
48000/48000 [==============================] - 2s 44us/step - loss: 0.4398 - acc: 0.8800 - val_loss: 0.3710 - val_acc: 0.9019
Epoch 4/20
48000/48000 [==============================] - 2s 44us/step - loss: 0.3767 - acc: 0.8952 - val_loss: 0.3322 - val_acc: 0.9081
Epoch 5/20
48000/48000 [==============================] - 2s 43us/step - loss: 0.3415 - acc: 0.9026 - val_loss: 0.3055 - val_acc: 0.9147
Epoch 6/20
48000/48000 [==============================] - 2s 44us/step - loss: 0.3175 - acc: 0.9086 - val_loss: 0.2881 - val_acc: 0.9182
Epoch 7/20
48000/48000 [==============================] - 2s 43us/step - loss: 0.2990 - acc: 0.9136 - val_loss: 0.2727 - val_acc: 0.9222
Epoch 8/20
48000/48000 [==============================] - 2s 43us/step - loss: 0.2839 - acc: 0.9180 - val_loss: 0.2608 - val_acc: 0.9265
Epoch 9/20
48000/48000 [==============================] - 2s 43us/step - loss: 0.2714 - acc: 0.9217 - val_loss: 0.2505 - val_acc: 0.9297
Epoch 10/20
48000/48000 [==============================] - 2s 44us/step - loss: 0.2602 - acc: 0.9253 - val_loss: 0.2430 - val_acc: 0.9309
Epoch 11/20
48000/48000 [==============================] - 2s 43us/step - loss: 0.2502 - acc: 0.9286 - val_loss: 0.2341 - val_acc: 0.9334
Epoch 12/20
48000/48000 [==============================] - 2s 43us/step - loss: 0.2409 - acc: 0.9302 - val_loss: 0.2271 - val_acc: 0.9352
Epoch 13/20
48000/48000 [==============================] - 2s 43us/step - loss: 0.2326 - acc: 0.9333 - val_loss: 0.2227 - val_acc: 0.9368
Epoch 14/20
48000/48000 [==============================] - 2s 43us/step - loss: 0.2253 - acc: 0.9353 - val_loss: 0.2147 - val_acc: 0.9396
Epoch 15/20
48000/48000 [==============================] - 2s 43us/step - loss: 0.2182 - acc: 0.9374 - val_loss: 0.2083 - val_acc: 0.9411
Epoch 16/20
48000/48000 [==============================] - 2s 44us/step - loss: 0.2116 - acc: 0.9393 - val_loss: 0.2030 - val_acc: 0.9431
Epoch 17/20
48000/48000 [==============================] - 2s 43us/step - loss: 0.2055 - acc: 0.9414 - val_loss: 0.1981 - val_acc: 0.9444
Epoch 18/20
48000/48000 [==============================] - 2s 43us/step - loss: 0.1996 - acc: 0.9429 - val_loss: 0.1932 - val_acc: 0.9458
Epoch 19/20
48000/48000 [==============================] - 2s 43us/step - loss: 0.1942 - acc: 0.9432 - val_loss: 0.1895 - val_acc: 0.9467
Epoch 20/20
48000/48000 [==============================] - 2s 44us/step - loss: 0.1891 - acc: 0.9455 - val_loss: 0.1850 - val_acc: 0.9497
10000/10000 [==============================] - 0s 41us/step
Test score: 0.186039854848
Test accuracy: 0.9462
学習処理時間：0:00:43.513442