(keras) K:\python\envs\keras>python source\deep-learning-with-keras-ja\ch01\keras_MINST_V5_1.py
Using TensorFlow backend.
60000 train samples
10000 test samples
_________________________________________________________________
Layer (type)                 Output Shape              Param #
=================================================================
dense_1 (Dense)              (None, 128)               100480
_________________________________________________________________
activation_1 (Activation)    (None, 128)               0
_________________________________________________________________
dropout_1 (Dropout)          (None, 128)               0
_________________________________________________________________
dense_2 (Dense)              (None, 128)               16512
_________________________________________________________________
activation_2 (Activation)    (None, 128)               0
_________________________________________________________________
dropout_2 (Dropout)          (None, 128)               0
_________________________________________________________________
dense_3 (Dense)              (None, 128)               16512
_________________________________________________________________
activation_3 (Activation)    (None, 128)               0
_________________________________________________________________
dropout_3 (Dropout)          (None, 128)               0
_________________________________________________________________
dense_4 (Dense)              (None, 10)                1290
_________________________________________________________________
activation_4 (Activation)    (None, 10)                0
=================================================================
Total params: 134,794
Trainable params: 134,794
Non-trainable params: 0
_________________________________________________________________
Train on 48000 samples, validate on 12000 samples
Epoch 1/200
48000/48000 [==============================] - 4s 81us/step - loss: 0.5449 - acc: 0.8303 - val_loss: 0.1776 - val_acc: 0.9470
Epoch 2/200
48000/48000 [==============================] - 3s 72us/step - loss: 0.2448 - acc: 0.9297 - val_loss: 0.1389 - val_acc: 0.9605
Epoch 3/200
48000/48000 [==============================] - 3s 72us/step - loss: 0.1906 - acc: 0.9454 - val_loss: 0.1190 - val_acc: 0.9667
Epoch 4/200
48000/48000 [==============================] - 3s 72us/step - loss: 0.1647 - acc: 0.9535 - val_loss: 0.1109 - val_acc: 0.9684
Epoch 5/200
48000/48000 [==============================] - 3s 72us/step - loss: 0.1447 - acc: 0.9589 - val_loss: 0.1138 - val_acc: 0.9702
Epoch 6/200
48000/48000 [==============================] - 3s 70us/step - loss: 0.1345 - acc: 0.9622 - val_loss: 0.1043 - val_acc: 0.9713
Epoch 7/200
48000/48000 [==============================] - 3s 71us/step - loss: 0.1232 - acc: 0.9655 - val_loss: 0.1015 - val_acc: 0.9733
Epoch 8/200
48000/48000 [==============================] - 3s 71us/step - loss: 0.1132 - acc: 0.9680 - val_loss: 0.0988 - val_acc: 0.9738
Epoch 9/200
48000/48000 [==============================] - 3s 71us/step - loss: 0.1111 - acc: 0.9694 - val_loss: 0.0985 - val_acc: 0.9755
Epoch 10/200
48000/48000 [==============================] - 3s 71us/step - loss: 0.1059 - acc: 0.9703 - val_loss: 0.1001 - val_acc: 0.9755
Epoch 11/200
48000/48000 [==============================] - 3s 71us/step - loss: 0.1054 - acc: 0.9712 - val_loss: 0.1090 - val_acc: 0.9725
Epoch 12/200
48000/48000 [==============================] - 3s 71us/step - loss: 0.0992 - acc: 0.9727 - val_loss: 0.0958 - val_acc: 0.9767
Epoch 13/200
48000/48000 [==============================] - 3s 72us/step - loss: 0.0962 - acc: 0.9739 - val_loss: 0.1039 - val_acc: 0.9754
Epoch 14/200
48000/48000 [==============================] - 3s 71us/step - loss: 0.0949 - acc: 0.9738 - val_loss: 0.1018 - val_acc: 0.9754
Epoch 15/200
48000/48000 [==============================] - 3s 71us/step - loss: 0.0889 - acc: 0.9759 - val_loss: 0.0976 - val_acc: 0.9766
Epoch 16/200
48000/48000 [==============================] - 3s 72us/step - loss: 0.0897 - acc: 0.9760 - val_loss: 0.1090 - val_acc: 0.9746
Epoch 17/200
48000/48000 [==============================] - 3s 72us/step - loss: 0.0898 - acc: 0.9761 - val_loss: 0.1027 - val_acc: 0.9763
Epoch 18/200
48000/48000 [==============================] - 3s 71us/step - loss: 0.0885 - acc: 0.9766 - val_loss: 0.1081 - val_acc: 0.9770
Epoch 19/200
48000/48000 [==============================] - 3s 71us/step - loss: 0.0902 - acc: 0.9766 - val_loss: 0.1113 - val_acc: 0.9762
Epoch 20/200
48000/48000 [==============================] - 3s 71us/step - loss: 0.0874 - acc: 0.9778 - val_loss: 0.1117 - val_acc: 0.9780
Epoch 21/200
48000/48000 [==============================] - 3s 71us/step - loss: 0.0811 - acc: 0.9782 - val_loss: 0.1121 - val_acc: 0.9769
Epoch 22/200
48000/48000 [==============================] - 3s 71us/step - loss: 0.0843 - acc: 0.9786 - val_loss: 0.1106 - val_acc: 0.9768
Epoch 23/200
48000/48000 [==============================] - 3s 71us/step - loss: 0.0847 - acc: 0.9787 - val_loss: 0.1176 - val_acc: 0.9773
Epoch 24/200
48000/48000 [==============================] - 3s 72us/step - loss: 0.0810 - acc: 0.9787 - val_loss: 0.1081 - val_acc: 0.9788
Epoch 25/200
48000/48000 [==============================] - 3s 72us/step - loss: 0.0851 - acc: 0.9788 - val_loss: 0.1168 - val_acc: 0.9774
Epoch 26/200
48000/48000 [==============================] - 3s 73us/step - loss: 0.0806 - acc: 0.9785 - val_loss: 0.1033 - val_acc: 0.9786
Epoch 27/200
48000/48000 [==============================] - 3s 71us/step - loss: 0.0816 - acc: 0.9783 - val_loss: 0.1133 - val_acc: 0.9785
Epoch 28/200
48000/48000 [==============================] - 3s 71us/step - loss: 0.0797 - acc: 0.9794 - val_loss: 0.1070 - val_acc: 0.9779
Epoch 29/200
48000/48000 [==============================] - 3s 71us/step - loss: 0.0717 - acc: 0.9820 - val_loss: 0.1110 - val_acc: 0.9779
Epoch 30/200
48000/48000 [==============================] - 3s 71us/step - loss: 0.0793 - acc: 0.9799 - val_loss: 0.1135 - val_acc: 0.9782
Epoch 31/200
48000/48000 [==============================] - 3s 71us/step - loss: 0.0782 - acc: 0.9810 - val_loss: 0.1105 - val_acc: 0.9777
Epoch 32/200
48000/48000 [==============================] - 4s 73us/step - loss: 0.0768 - acc: 0.9805 - val_loss: 0.1140 - val_acc: 0.9779
Epoch 33/200
48000/48000 [==============================] - 3s 71us/step - loss: 0.0787 - acc: 0.9809 - val_loss: 0.1132 - val_acc: 0.9788
Epoch 34/200
48000/48000 [==============================] - 3s 72us/step - loss: 0.0799 - acc: 0.9810 - val_loss: 0.1170 - val_acc: 0.9793
Epoch 35/200
48000/48000 [==============================] - 3s 73us/step - loss: 0.0753 - acc: 0.9816 - val_loss: 0.1114 - val_acc: 0.9796
Epoch 36/200
48000/48000 [==============================] - 3s 72us/step - loss: 0.0788 - acc: 0.9812 - val_loss: 0.1212 - val_acc: 0.9789
Epoch 37/200
48000/48000 [==============================] - 3s 72us/step - loss: 0.0734 - acc: 0.9819 - val_loss: 0.1232 - val_acc: 0.9789
Epoch 38/200
48000/48000 [==============================] - 3s 71us/step - loss: 0.0782 - acc: 0.9811 - val_loss: 0.1204 - val_acc: 0.9796
Epoch 39/200
48000/48000 [==============================] - 3s 71us/step - loss: 0.0791 - acc: 0.9814 - val_loss: 0.1178 - val_acc: 0.9798
Epoch 40/200
48000/48000 [==============================] - 3s 71us/step - loss: 0.0746 - acc: 0.9823 - val_loss: 0.1206 - val_acc: 0.9788
Epoch 41/200
48000/48000 [==============================] - 3s 72us/step - loss: 0.0776 - acc: 0.9820 - val_loss: 0.1224 - val_acc: 0.9783
Epoch 42/200
48000/48000 [==============================] - 3s 71us/step - loss: 0.0752 - acc: 0.9814 - val_loss: 0.1222 - val_acc: 0.9788
Epoch 43/200
48000/48000 [==============================] - 3s 72us/step - loss: 0.0811 - acc: 0.9811 - val_loss: 0.1226 - val_acc: 0.9784
Epoch 44/200
48000/48000 [==============================] - 3s 72us/step - loss: 0.0756 - acc: 0.9816 - val_loss: 0.1320 - val_acc: 0.9779
Epoch 45/200
48000/48000 [==============================] - 3s 71us/step - loss: 0.0761 - acc: 0.9816 - val_loss: 0.1242 - val_acc: 0.9788
Epoch 46/200
48000/48000 [==============================] - 3s 71us/step - loss: 0.0756 - acc: 0.9830 - val_loss: 0.1365 - val_acc: 0.9777
Epoch 47/200
48000/48000 [==============================] - 3s 71us/step - loss: 0.0745 - acc: 0.9829 - val_loss: 0.1356 - val_acc: 0.9799
Epoch 48/200
48000/48000 [==============================] - 3s 72us/step - loss: 0.0750 - acc: 0.9827 - val_loss: 0.1320 - val_acc: 0.9788
Epoch 49/200
48000/48000 [==============================] - 3s 71us/step - loss: 0.0786 - acc: 0.9828 - val_loss: 0.1351 - val_acc: 0.9787
Epoch 50/200
48000/48000 [==============================] - 3s 71us/step - loss: 0.0784 - acc: 0.9825 - val_loss: 0.1315 - val_acc: 0.9797
Epoch 51/200
48000/48000 [==============================] - 3s 71us/step - loss: 0.0767 - acc: 0.9833 - val_loss: 0.1340 - val_acc: 0.9793
Epoch 52/200
48000/48000 [==============================] - 3s 71us/step - loss: 0.0762 - acc: 0.9831 - val_loss: 0.1293 - val_acc: 0.9782
Epoch 53/200
48000/48000 [==============================] - 3s 72us/step - loss: 0.0751 - acc: 0.9833 - val_loss: 0.1360 - val_acc: 0.9783
Epoch 54/200
48000/48000 [==============================] - 3s 71us/step - loss: 0.0807 - acc: 0.9827 - val_loss: 0.1325 - val_acc: 0.9777
Epoch 55/200
48000/48000 [==============================] - 3s 71us/step - loss: 0.0750 - acc: 0.9834 - val_loss: 0.1416 - val_acc: 0.9779
Epoch 56/200
48000/48000 [==============================] - 3s 71us/step - loss: 0.0756 - acc: 0.9839 - val_loss: 0.1363 - val_acc: 0.9793
Epoch 57/200
48000/48000 [==============================] - 3s 71us/step - loss: 0.0760 - acc: 0.9835 - val_loss: 0.1364 - val_acc: 0.9793
Epoch 58/200
48000/48000 [==============================] - 3s 71us/step - loss: 0.0755 - acc: 0.9833 - val_loss: 0.1303 - val_acc: 0.9804
Epoch 59/200
48000/48000 [==============================] - 3s 71us/step - loss: 0.0768 - acc: 0.9828 - val_loss: 0.1402 - val_acc: 0.9794
Epoch 60/200
48000/48000 [==============================] - 3s 72us/step - loss: 0.0755 - acc: 0.9839 - val_loss: 0.1364 - val_acc: 0.9797
Epoch 61/200
48000/48000 [==============================] - 3s 72us/step - loss: 0.0796 - acc: 0.9825 - val_loss: 0.1357 - val_acc: 0.9785
Epoch 62/200
48000/48000 [==============================] - 3s 71us/step - loss: 0.0736 - acc: 0.9834 - val_loss: 0.1408 - val_acc: 0.9782
Epoch 63/200
48000/48000 [==============================] - 3s 72us/step - loss: 0.0760 - acc: 0.9836 - val_loss: 0.1352 - val_acc: 0.9780
Epoch 64/200
48000/48000 [==============================] - 3s 72us/step - loss: 0.0746 - acc: 0.9838 - val_loss: 0.1379 - val_acc: 0.9778
Epoch 65/200
48000/48000 [==============================] - 3s 71us/step - loss: 0.0709 - acc: 0.9849 - val_loss: 0.1490 - val_acc: 0.9784
Epoch 66/200
48000/48000 [==============================] - 3s 71us/step - loss: 0.0762 - acc: 0.9841 - val_loss: 0.1498 - val_acc: 0.9777
Epoch 67/200
48000/48000 [==============================] - 3s 72us/step - loss: 0.0739 - acc: 0.9842 - val_loss: 0.1493 - val_acc: 0.9778
Epoch 68/200
48000/48000 [==============================] - 3s 73us/step - loss: 0.0774 - acc: 0.9836 - val_loss: 0.1421 - val_acc: 0.9787
Epoch 69/200
48000/48000 [==============================] - 3s 71us/step - loss: 0.0763 - acc: 0.9839 - val_loss: 0.1475 - val_acc: 0.9781
Epoch 70/200
48000/48000 [==============================] - 3s 72us/step - loss: 0.0798 - acc: 0.9841 - val_loss: 0.1408 - val_acc: 0.9794
Epoch 71/200
48000/48000 [==============================] - 4s 73us/step - loss: 0.0762 - acc: 0.9840 - val_loss: 0.1464 - val_acc: 0.9786
Epoch 72/200
48000/48000 [==============================] - 3s 72us/step - loss: 0.0798 - acc: 0.9839 - val_loss: 0.1448 - val_acc: 0.9778
Epoch 73/200
48000/48000 [==============================] - 3s 71us/step - loss: 0.0709 - acc: 0.9852 - val_loss: 0.1473 - val_acc: 0.9781
Epoch 74/200
48000/48000 [==============================] - 3s 71us/step - loss: 0.0792 - acc: 0.9831 - val_loss: 0.1414 - val_acc: 0.9787
Epoch 75/200
48000/48000 [==============================] - 3s 72us/step - loss: 0.0744 - acc: 0.9841 - val_loss: 0.1594 - val_acc: 0.9771
Epoch 76/200
48000/48000 [==============================] - 3s 73us/step - loss: 0.0738 - acc: 0.9849 - val_loss: 0.1496 - val_acc: 0.9779
Epoch 77/200
48000/48000 [==============================] - 4s 74us/step - loss: 0.0762 - acc: 0.9848 - val_loss: 0.1431 - val_acc: 0.9790
Epoch 78/200
48000/48000 [==============================] - 3s 73us/step - loss: 0.0712 - acc: 0.9847 - val_loss: 0.1443 - val_acc: 0.9795
Epoch 79/200
48000/48000 [==============================] - 3s 73us/step - loss: 0.0761 - acc: 0.9845 - val_loss: 0.1445 - val_acc: 0.9783
Epoch 80/200
48000/48000 [==============================] - 3s 73us/step - loss: 0.0729 - acc: 0.9854 - val_loss: 0.1513 - val_acc: 0.9785
Epoch 81/200
48000/48000 [==============================] - 3s 73us/step - loss: 0.0710 - acc: 0.9851 - val_loss: 0.1509 - val_acc: 0.9792
Epoch 82/200
48000/48000 [==============================] - 4s 73us/step - loss: 0.0744 - acc: 0.9846 - val_loss: 0.1501 - val_acc: 0.9782
Epoch 83/200
48000/48000 [==============================] - 4s 73us/step - loss: 0.0782 - acc: 0.9846 - val_loss: 0.1490 - val_acc: 0.9780
Epoch 84/200
48000/48000 [==============================] - 3s 72us/step - loss: 0.0728 - acc: 0.9858 - val_loss: 0.1597 - val_acc: 0.9778
Epoch 85/200
48000/48000 [==============================] - 3s 72us/step - loss: 0.0714 - acc: 0.9854 - val_loss: 0.1553 - val_acc: 0.9786
Epoch 86/200
48000/48000 [==============================] - 4s 74us/step - loss: 0.0744 - acc: 0.9854 - val_loss: 0.1654 - val_acc: 0.9776
Epoch 87/200
48000/48000 [==============================] - 3s 73us/step - loss: 0.0773 - acc: 0.9846 - val_loss: 0.1536 - val_acc: 0.9777
Epoch 88/200
48000/48000 [==============================] - 3s 72us/step - loss: 0.0760 - acc: 0.9854 - val_loss: 0.1549 - val_acc: 0.9788
Epoch 89/200
48000/48000 [==============================] - 3s 72us/step - loss: 0.0779 - acc: 0.9839 - val_loss: 0.1606 - val_acc: 0.9790
Epoch 90/200
48000/48000 [==============================] - 3s 72us/step - loss: 0.0816 - acc: 0.9847 - val_loss: 0.1497 - val_acc: 0.9784
Epoch 91/200
48000/48000 [==============================] - 3s 73us/step - loss: 0.0720 - acc: 0.9853 - val_loss: 0.1552 - val_acc: 0.9785
Epoch 92/200
48000/48000 [==============================] - 4s 73us/step - loss: 0.0814 - acc: 0.9847 - val_loss: 0.1529 - val_acc: 0.9787
Epoch 93/200
48000/48000 [==============================] - 3s 72us/step - loss: 0.0723 - acc: 0.9855 - val_loss: 0.1574 - val_acc: 0.9784
Epoch 94/200
48000/48000 [==============================] - 3s 72us/step - loss: 0.0730 - acc: 0.9855 - val_loss: 0.1607 - val_acc: 0.9789
Epoch 95/200
48000/48000 [==============================] - 3s 72us/step - loss: 0.0781 - acc: 0.9856 - val_loss: 0.1484 - val_acc: 0.9793
Epoch 96/200
48000/48000 [==============================] - 3s 72us/step - loss: 0.0789 - acc: 0.9858 - val_loss: 0.1477 - val_acc: 0.9792
Epoch 97/200
48000/48000 [==============================] - 3s 72us/step - loss: 0.0791 - acc: 0.9855 - val_loss: 0.1609 - val_acc: 0.9777
Epoch 98/200
48000/48000 [==============================] - 3s 72us/step - loss: 0.0792 - acc: 0.9852 - val_loss: 0.1606 - val_acc: 0.9784
Epoch 99/200
48000/48000 [==============================] - 3s 72us/step - loss: 0.0802 - acc: 0.9849 - val_loss: 0.1583 - val_acc: 0.9787
Epoch 100/200
48000/48000 [==============================] - 3s 72us/step - loss: 0.0788 - acc: 0.9845 - val_loss: 0.1520 - val_acc: 0.9782
Epoch 101/200
48000/48000 [==============================] - 3s 72us/step - loss: 0.0764 - acc: 0.9856 - val_loss: 0.1609 - val_acc: 0.9787
Epoch 102/200
48000/48000 [==============================] - 3s 73us/step - loss: 0.0806 - acc: 0.9849 - val_loss: 0.1660 - val_acc: 0.9773
Epoch 103/200
48000/48000 [==============================] - 3s 72us/step - loss: 0.0758 - acc: 0.9856 - val_loss: 0.1766 - val_acc: 0.9783
Epoch 104/200
48000/48000 [==============================] - 3s 72us/step - loss: 0.0841 - acc: 0.9842 - val_loss: 0.1703 - val_acc: 0.9773
Epoch 105/200
48000/48000 [==============================] - 3s 72us/step - loss: 0.0769 - acc: 0.9851 - val_loss: 0.1577 - val_acc: 0.9787
Epoch 106/200
48000/48000 [==============================] - 3s 72us/step - loss: 0.0824 - acc: 0.9848 - val_loss: 0.1628 - val_acc: 0.9789
Epoch 107/200
48000/48000 [==============================] - 3s 72us/step - loss: 0.0798 - acc: 0.9851 - val_loss: 0.1608 - val_acc: 0.9781
Epoch 108/200
48000/48000 [==============================] - 3s 72us/step - loss: 0.0746 - acc: 0.9854 - val_loss: 0.1552 - val_acc: 0.9794
Epoch 109/200
48000/48000 [==============================] - 3s 72us/step - loss: 0.0756 - acc: 0.9858 - val_loss: 0.1614 - val_acc: 0.9776
Epoch 110/200
48000/48000 [==============================] - 3s 72us/step - loss: 0.0770 - acc: 0.9855 - val_loss: 0.1623 - val_acc: 0.9787
Epoch 111/200
48000/48000 [==============================] - 4s 74us/step - loss: 0.0775 - acc: 0.9853 - val_loss: 0.1689 - val_acc: 0.9792
Epoch 112/200
48000/48000 [==============================] - 3s 72us/step - loss: 0.0776 - acc: 0.9852 - val_loss: 0.1579 - val_acc: 0.9783
Epoch 113/200
48000/48000 [==============================] - 3s 72us/step - loss: 0.0808 - acc: 0.9851 - val_loss: 0.1610 - val_acc: 0.9794
Epoch 114/200
48000/48000 [==============================] - 3s 72us/step - loss: 0.0881 - acc: 0.9848 - val_loss: 0.1640 - val_acc: 0.9787
Epoch 115/200
48000/48000 [==============================] - 3s 72us/step - loss: 0.0819 - acc: 0.9854 - val_loss: 0.1583 - val_acc: 0.9792
Epoch 116/200
48000/48000 [==============================] - 3s 72us/step - loss: 0.0774 - acc: 0.9858 - val_loss: 0.1572 - val_acc: 0.9797
Epoch 117/200
48000/48000 [==============================] - 3s 72us/step - loss: 0.0883 - acc: 0.9845 - val_loss: 0.1600 - val_acc: 0.9795
Epoch 118/200
48000/48000 [==============================] - 3s 73us/step - loss: 0.0769 - acc: 0.9863 - val_loss: 0.1680 - val_acc: 0.9778
Epoch 119/200
48000/48000 [==============================] - 3s 72us/step - loss: 0.0810 - acc: 0.9858 - val_loss: 0.1661 - val_acc: 0.9792
Epoch 120/200
48000/48000 [==============================] - 3s 72us/step - loss: 0.0782 - acc: 0.9859 - val_loss: 0.1696 - val_acc: 0.9790
Epoch 121/200
48000/48000 [==============================] - 3s 72us/step - loss: 0.0773 - acc: 0.9861 - val_loss: 0.1579 - val_acc: 0.9791
Epoch 122/200
48000/48000 [==============================] - 3s 72us/step - loss: 0.0806 - acc: 0.9855 - val_loss: 0.1635 - val_acc: 0.9792
Epoch 123/200
48000/48000 [==============================] - 4s 73us/step - loss: 0.0850 - acc: 0.9851 - val_loss: 0.1596 - val_acc: 0.9793
Epoch 124/200
48000/48000 [==============================] - 3s 72us/step - loss: 0.0879 - acc: 0.9846 - val_loss: 0.1640 - val_acc: 0.9793
Epoch 125/200
48000/48000 [==============================] - 3s 72us/step - loss: 0.0851 - acc: 0.9860 - val_loss: 0.1698 - val_acc: 0.9773
Epoch 126/200
48000/48000 [==============================] - 3s 72us/step - loss: 0.0835 - acc: 0.9849 - val_loss: 0.1687 - val_acc: 0.9800
Epoch 127/200
48000/48000 [==============================] - 3s 72us/step - loss: 0.0799 - acc: 0.9859 - val_loss: 0.1737 - val_acc: 0.9766
Epoch 128/200
48000/48000 [==============================] - 3s 73us/step - loss: 0.0807 - acc: 0.9859 - val_loss: 0.1753 - val_acc: 0.9787
Epoch 129/200
48000/48000 [==============================] - 3s 72us/step - loss: 0.0847 - acc: 0.9855 - val_loss: 0.1685 - val_acc: 0.9801
Epoch 130/200
48000/48000 [==============================] - 3s 72us/step - loss: 0.0853 - acc: 0.9857 - val_loss: 0.1792 - val_acc: 0.9785
Epoch 131/200
48000/48000 [==============================] - 3s 73us/step - loss: 0.0846 - acc: 0.9844 - val_loss: 0.1672 - val_acc: 0.9780
Epoch 132/200
48000/48000 [==============================] - 4s 73us/step - loss: 0.0798 - acc: 0.9858 - val_loss: 0.1670 - val_acc: 0.9781
Epoch 133/200
48000/48000 [==============================] - 3s 72us/step - loss: 0.0770 - acc: 0.9867 - val_loss: 0.1763 - val_acc: 0.9788
Epoch 134/200
48000/48000 [==============================] - 3s 72us/step - loss: 0.0840 - acc: 0.9854 - val_loss: 0.1759 - val_acc: 0.9785
Epoch 135/200
48000/48000 [==============================] - 3s 72us/step - loss: 0.0863 - acc: 0.9849 - val_loss: 0.1626 - val_acc: 0.9787
Epoch 136/200
48000/48000 [==============================] - 3s 72us/step - loss: 0.0859 - acc: 0.9851 - val_loss: 0.1668 - val_acc: 0.9796
Epoch 137/200
48000/48000 [==============================] - 3s 72us/step - loss: 0.0819 - acc: 0.9855 - val_loss: 0.1703 - val_acc: 0.9788
Epoch 138/200
48000/48000 [==============================] - 3s 72us/step - loss: 0.0836 - acc: 0.9850 - val_loss: 0.1697 - val_acc: 0.9788
Epoch 139/200
48000/48000 [==============================] - 3s 73us/step - loss: 0.0869 - acc: 0.9847 - val_loss: 0.1664 - val_acc: 0.9798
Epoch 140/200
48000/48000 [==============================] - 3s 73us/step - loss: 0.0841 - acc: 0.9855 - val_loss: 0.1665 - val_acc: 0.9790
Epoch 141/200
48000/48000 [==============================] - 4s 73us/step - loss: 0.0854 - acc: 0.9856 - val_loss: 0.1628 - val_acc: 0.9800
Epoch 142/200
48000/48000 [==============================] - 3s 72us/step - loss: 0.0869 - acc: 0.9853 - val_loss: 0.1662 - val_acc: 0.9793
Epoch 143/200
48000/48000 [==============================] - 3s 72us/step - loss: 0.0840 - acc: 0.9856 - val_loss: 0.1712 - val_acc: 0.9795
Epoch 144/200
48000/48000 [==============================] - 3s 72us/step - loss: 0.0841 - acc: 0.9861 - val_loss: 0.1824 - val_acc: 0.9783
Epoch 145/200
48000/48000 [==============================] - 3s 72us/step - loss: 0.0832 - acc: 0.9856 - val_loss: 0.1812 - val_acc: 0.9783
Epoch 146/200
48000/48000 [==============================] - 3s 72us/step - loss: 0.0878 - acc: 0.9855 - val_loss: 0.1698 - val_acc: 0.9798
Epoch 147/200
48000/48000 [==============================] - 3s 72us/step - loss: 0.0881 - acc: 0.9853 - val_loss: 0.1744 - val_acc: 0.9793
Epoch 148/200
48000/48000 [==============================] - 3s 72us/step - loss: 0.0886 - acc: 0.9860 - val_loss: 0.1748 - val_acc: 0.9795
Epoch 149/200
48000/48000 [==============================] - 3s 72us/step - loss: 0.0800 - acc: 0.9863 - val_loss: 0.1777 - val_acc: 0.9793
Epoch 150/200
48000/48000 [==============================] - 3s 72us/step - loss: 0.0845 - acc: 0.9858 - val_loss: 0.1772 - val_acc: 0.9795
Epoch 151/200
48000/48000 [==============================] - 3s 72us/step - loss: 0.0868 - acc: 0.9856 - val_loss: 0.1665 - val_acc: 0.9788
Epoch 152/200
48000/48000 [==============================] - 3s 72us/step - loss: 0.0869 - acc: 0.9859 - val_loss: 0.1766 - val_acc: 0.9786
Epoch 153/200
48000/48000 [==============================] - 3s 72us/step - loss: 0.0839 - acc: 0.9862 - val_loss: 0.1812 - val_acc: 0.9789
Epoch 154/200
48000/48000 [==============================] - 3s 72us/step - loss: 0.0796 - acc: 0.9866 - val_loss: 0.1815 - val_acc: 0.9790
Epoch 155/200
48000/48000 [==============================] - 4s 73us/step - loss: 0.0870 - acc: 0.9854 - val_loss: 0.1808 - val_acc: 0.9782
Epoch 156/200
48000/48000 [==============================] - 4s 73us/step - loss: 0.0853 - acc: 0.9850 - val_loss: 0.1816 - val_acc: 0.9781
Epoch 157/200
48000/48000 [==============================] - 3s 73us/step - loss: 0.0849 - acc: 0.9853 - val_loss: 0.1761 - val_acc: 0.9797
Epoch 158/200
48000/48000 [==============================] - 3s 73us/step - loss: 0.0856 - acc: 0.9858 - val_loss: 0.1834 - val_acc: 0.9787
Epoch 159/200
48000/48000 [==============================] - 4s 73us/step - loss: 0.0909 - acc: 0.9851 - val_loss: 0.1643 - val_acc: 0.9796
Epoch 160/200
48000/48000 [==============================] - 4s 73us/step - loss: 0.0939 - acc: 0.9850 - val_loss: 0.1753 - val_acc: 0.9789
Epoch 161/200
48000/48000 [==============================] - 4s 73us/step - loss: 0.0873 - acc: 0.9854 - val_loss: 0.1749 - val_acc: 0.9783
Epoch 162/200
48000/48000 [==============================] - 3s 73us/step - loss: 0.0898 - acc: 0.9847 - val_loss: 0.1843 - val_acc: 0.9775
Epoch 163/200
48000/48000 [==============================] - 3s 73us/step - loss: 0.0926 - acc: 0.9849 - val_loss: 0.1873 - val_acc: 0.9784
Epoch 164/200
48000/48000 [==============================] - 3s 72us/step - loss: 0.0873 - acc: 0.9861 - val_loss: 0.1869 - val_acc: 0.9792
Epoch 165/200
48000/48000 [==============================] - 3s 73us/step - loss: 0.0836 - acc: 0.9863 - val_loss: 0.1787 - val_acc: 0.9784
Epoch 166/200
48000/48000 [==============================] - 3s 72us/step - loss: 0.0892 - acc: 0.9855 - val_loss: 0.1790 - val_acc: 0.9799
Epoch 167/200
48000/48000 [==============================] - 3s 72us/step - loss: 0.0888 - acc: 0.9858 - val_loss: 0.1753 - val_acc: 0.9791
Epoch 168/200
48000/48000 [==============================] - 3s 72us/step - loss: 0.0822 - acc: 0.9865 - val_loss: 0.1896 - val_acc: 0.9791
Epoch 169/200
48000/48000 [==============================] - 3s 72us/step - loss: 0.0883 - acc: 0.9856 - val_loss: 0.1836 - val_acc: 0.9793
Epoch 170/200
48000/48000 [==============================] - 3s 72us/step - loss: 0.0965 - acc: 0.9846 - val_loss: 0.1825 - val_acc: 0.9777
Epoch 171/200
48000/48000 [==============================] - 3s 72us/step - loss: 0.0918 - acc: 0.9855 - val_loss: 0.1794 - val_acc: 0.9798
Epoch 172/200
48000/48000 [==============================] - 3s 72us/step - loss: 0.0933 - acc: 0.9846 - val_loss: 0.1669 - val_acc: 0.9788
Epoch 173/200
48000/48000 [==============================] - 3s 71us/step - loss: 0.0816 - acc: 0.9858 - val_loss: 0.1706 - val_acc: 0.9798
Epoch 174/200
48000/48000 [==============================] - 3s 72us/step - loss: 0.0860 - acc: 0.9862 - val_loss: 0.1884 - val_acc: 0.9790
Epoch 175/200
48000/48000 [==============================] - 3s 72us/step - loss: 0.0844 - acc: 0.9868 - val_loss: 0.1732 - val_acc: 0.9785
Epoch 176/200
48000/48000 [==============================] - 3s 73us/step - loss: 0.0863 - acc: 0.9860 - val_loss: 0.1893 - val_acc: 0.9783
Epoch 177/200
48000/48000 [==============================] - 4s 75us/step - loss: 0.0908 - acc: 0.9856 - val_loss: 0.1905 - val_acc: 0.9775
Epoch 178/200
48000/48000 [==============================] - 4s 73us/step - loss: 0.0837 - acc: 0.9865 - val_loss: 0.2073 - val_acc: 0.9779
Epoch 179/200
48000/48000 [==============================] - 3s 72us/step - loss: 0.0944 - acc: 0.9856 - val_loss: 0.1871 - val_acc: 0.9784
Epoch 180/200
48000/48000 [==============================] - 3s 72us/step - loss: 0.0918 - acc: 0.9860 - val_loss: 0.1936 - val_acc: 0.9774
Epoch 181/200
48000/48000 [==============================] - 4s 73us/step - loss: 0.0913 - acc: 0.9851 - val_loss: 0.1874 - val_acc: 0.9778
Epoch 182/200
48000/48000 [==============================] - 3s 72us/step - loss: 0.0943 - acc: 0.9853 - val_loss: 0.1931 - val_acc: 0.9787
Epoch 183/200
48000/48000 [==============================] - 3s 71us/step - loss: 0.0912 - acc: 0.9856 - val_loss: 0.1978 - val_acc: 0.9778
Epoch 184/200
48000/48000 [==============================] - 3s 71us/step - loss: 0.0916 - acc: 0.9855 - val_loss: 0.1926 - val_acc: 0.9782
Epoch 185/200
48000/48000 [==============================] - 3s 71us/step - loss: 0.0897 - acc: 0.9862 - val_loss: 0.1854 - val_acc: 0.9789
Epoch 186/200
48000/48000 [==============================] - 3s 71us/step - loss: 0.0878 - acc: 0.9863 - val_loss: 0.1912 - val_acc: 0.9792
Epoch 187/200
48000/48000 [==============================] - 3s 71us/step - loss: 0.0994 - acc: 0.9845 - val_loss: 0.1947 - val_acc: 0.9791
Epoch 188/200
48000/48000 [==============================] - 3s 71us/step - loss: 0.0911 - acc: 0.9860 - val_loss: 0.1853 - val_acc: 0.9783
Epoch 189/200
48000/48000 [==============================] - 3s 71us/step - loss: 0.0881 - acc: 0.9860 - val_loss: 0.1848 - val_acc: 0.9792
Epoch 190/200
48000/48000 [==============================] - 3s 71us/step - loss: 0.0906 - acc: 0.9853 - val_loss: 0.1900 - val_acc: 0.9786
Epoch 191/200
48000/48000 [==============================] - 3s 71us/step - loss: 0.0909 - acc: 0.9856 - val_loss: 0.1815 - val_acc: 0.9788
Epoch 192/200
48000/48000 [==============================] - 3s 72us/step - loss: 0.0961 - acc: 0.9854 - val_loss: 0.1856 - val_acc: 0.9794
Epoch 193/200
48000/48000 [==============================] - 3s 71us/step - loss: 0.0922 - acc: 0.9856 - val_loss: 0.1937 - val_acc: 0.9780
Epoch 194/200
48000/48000 [==============================] - 3s 71us/step - loss: 0.0922 - acc: 0.9861 - val_loss: 0.1899 - val_acc: 0.9786
Epoch 195/200
48000/48000 [==============================] - 3s 71us/step - loss: 0.0913 - acc: 0.9853 - val_loss: 0.1764 - val_acc: 0.9797
Epoch 196/200
48000/48000 [==============================] - 3s 71us/step - loss: 0.0900 - acc: 0.9859 - val_loss: 0.1901 - val_acc: 0.9790
Epoch 197/200
48000/48000 [==============================] - 3s 71us/step - loss: 0.0974 - acc: 0.9856 - val_loss: 0.1849 - val_acc: 0.9799
Epoch 198/200
48000/48000 [==============================] - 3s 73us/step - loss: 0.0876 - acc: 0.9862 - val_loss: 0.1935 - val_acc: 0.9793
Epoch 199/200
48000/48000 [==============================] - 3s 73us/step - loss: 0.0899 - acc: 0.9860 - val_loss: 0.1897 - val_acc: 0.9783
Epoch 200/200
48000/48000 [==============================] - 3s 73us/step - loss: 0.0950 - acc: 0.9858 - val_loss: 0.1998 - val_acc: 0.9782
10000/10000 [==============================] - 0s 47us/step
Test score: 0.197720779547
Test accuracy: 0.9774
学習処理時間：0:11:34.677800