(keras) K:\python\envs\keras>python source/deep-learning-with-keras-ja/ch01/keras_MINST_V3_1.py
Using TensorFlow backend.
60000 train samples
10000 test samples
_________________________________________________________________
Layer (type)                 Output Shape              Param #
=================================================================
dense_1 (Dense)              (None, 128)               100480
_________________________________________________________________
activation_1 (Activation)    (None, 128)               0
_________________________________________________________________
dropout_1 (Dropout)          (None, 128)               0
_________________________________________________________________
dense_2 (Dense)              (None, 128)               16512
_________________________________________________________________
activation_2 (Activation)    (None, 128)               0
_________________________________________________________________
dropout_2 (Dropout)          (None, 128)               0
_________________________________________________________________
dense_3 (Dense)              (None, 10)                1290
_________________________________________________________________
activation_3 (Activation)    (None, 10)                0
=================================================================
Total params: 118,282
Trainable params: 118,282
Non-trainable params: 0
_________________________________________________________________
Train on 48000 samples, validate on 12000 samples
Epoch 1/20
48000/48000 [==============================] - 3s 55us/step - loss: 1.7403 - acc: 0.4538 - val_loss: 0.9291 - val_acc: 0.8127
Epoch 2/20
48000/48000 [==============================] - 3s 54us/step - loss: 0.9230 - acc: 0.7228 - val_loss: 0.5400 - val_acc: 0.8652
Epoch 3/20
48000/48000 [==============================] - 3s 54us/step - loss: 0.6934 - acc: 0.7881 - val_loss: 0.4297 - val_acc: 0.8883
Epoch 4/20
48000/48000 [==============================] - 3s 54us/step - loss: 0.5947 - acc: 0.8207 - val_loss: 0.3789 - val_acc: 0.8978
Epoch 5/20
48000/48000 [==============================] - 3s 54us/step - loss: 0.5347 - acc: 0.8393 - val_loss: 0.3456 - val_acc: 0.9037
Epoch 6/20
48000/48000 [==============================] - 3s 54us/step - loss: 0.4976 - acc: 0.8525 - val_loss: 0.3232 - val_acc: 0.9107
Epoch 7/20
48000/48000 [==============================] - 3s 54us/step - loss: 0.4616 - acc: 0.8629 - val_loss: 0.3048 - val_acc: 0.9127
Epoch 8/20
48000/48000 [==============================] - 3s 54us/step - loss: 0.4386 - acc: 0.8688 - val_loss: 0.2895 - val_acc: 0.9173
Epoch 9/20
48000/48000 [==============================] - 3s 54us/step - loss: 0.4181 - acc: 0.8761 - val_loss: 0.2776 - val_acc: 0.9198
Epoch 10/20
48000/48000 [==============================] - 3s 54us/step - loss: 0.3990 - acc: 0.8838 - val_loss: 0.2656 - val_acc: 0.9233
Epoch 11/20
48000/48000 [==============================] - 3s 54us/step - loss: 0.3819 - acc: 0.8876 - val_loss: 0.2551 - val_acc: 0.9257
Epoch 12/20
48000/48000 [==============================] - 3s 54us/step - loss: 0.3688 - acc: 0.8920 - val_loss: 0.2465 - val_acc: 0.9283
Epoch 13/20
48000/48000 [==============================] - 3s 54us/step - loss: 0.3570 - acc: 0.8944 - val_loss: 0.2388 - val_acc: 0.9301
Epoch 14/20
48000/48000 [==============================] - 3s 54us/step - loss: 0.3466 - acc: 0.8991 - val_loss: 0.2319 - val_acc: 0.9324
Epoch 15/20
48000/48000 [==============================] - 3s 54us/step - loss: 0.3358 - acc: 0.9016 - val_loss: 0.2261 - val_acc: 0.9339
Epoch 16/20
48000/48000 [==============================] - 3s 55us/step - loss: 0.3244 - acc: 0.9055 - val_loss: 0.2180 - val_acc: 0.9352
Epoch 17/20
48000/48000 [==============================] - 3s 55us/step - loss: 0.3142 - acc: 0.9087 - val_loss: 0.2122 - val_acc: 0.9377
Epoch 18/20
48000/48000 [==============================] - 3s 54us/step - loss: 0.3102 - acc: 0.9095 - val_loss: 0.2075 - val_acc: 0.9392
Epoch 19/20
48000/48000 [==============================] - 3s 55us/step - loss: 0.3018 - acc: 0.9118 - val_loss: 0.2018 - val_acc: 0.9407
Epoch 20/20
48000/48000 [==============================] - 3s 54us/step - loss: 0.2930 - acc: 0.9132 - val_loss: 0.1973 - val_acc: 0.9420
10000/10000 [==============================] - 0s 42us/step
Test score: 0.199401852918
Test accuracy: 0.9403
学習処理時間：0:00:54.164937