(keras) K:\python\envs\keras>python source\deep-learning-with-keras-ja\ch01\keras_MINST_V4_1.py
Using TensorFlow backend.
60000 train samples
10000 test samples
_________________________________________________________________
Layer (type)                 Output Shape              Param #
=================================================================
dense_1 (Dense)              (None, 128)               100480
_________________________________________________________________
activation_1 (Activation)    (None, 128)               0
_________________________________________________________________
dropout_1 (Dropout)          (None, 128)               0
_________________________________________________________________
dense_2 (Dense)              (None, 128)               16512
_________________________________________________________________
activation_2 (Activation)    (None, 128)               0
_________________________________________________________________
dropout_2 (Dropout)          (None, 128)               0
_________________________________________________________________
dense_3 (Dense)              (None, 10)                1290
_________________________________________________________________
activation_3 (Activation)    (None, 10)                0
=================================================================
Total params: 118,282
Trainable params: 118,282
Non-trainable params: 0
_________________________________________________________________
Train on 48000 samples, validate on 12000 samples
Epoch 1/20
48000/48000 [==============================] - 3s 62us/step - loss: 0.4771 - acc: 0.8571 - val_loss: 0.1847 - val_acc: 0.9443
Epoch 2/20
48000/48000 [==============================] - 3s 61us/step - loss: 0.2261 - acc: 0.9325 - val_loss: 0.1384 - val_acc: 0.9593
Epoch 3/20
48000/48000 [==============================] - 3s 61us/step - loss: 0.1750 - acc: 0.9477 - val_loss: 0.1202 - val_acc: 0.9655
Epoch 4/20
48000/48000 [==============================] - 3s 60us/step - loss: 0.1506 - acc: 0.9547 - val_loss: 0.1184 - val_acc: 0.9664
Epoch 5/20
48000/48000 [==============================] - 3s 60us/step - loss: 0.1341 - acc: 0.9606 - val_loss: 0.1052 - val_acc: 0.9693
Epoch 6/20
48000/48000 [==============================] - 3s 60us/step - loss: 0.1235 - acc: 0.9625 - val_loss: 0.0982 - val_acc: 0.9721
Epoch 7/20
48000/48000 [==============================] - 3s 64us/step - loss: 0.1137 - acc: 0.9661 - val_loss: 0.0975 - val_acc: 0.9732
Epoch 8/20
48000/48000 [==============================] - 3s 63us/step - loss: 0.1059 - acc: 0.9691 - val_loss: 0.0995 - val_acc: 0.9723
Epoch 9/20
48000/48000 [==============================] - 3s 62us/step - loss: 0.0997 - acc: 0.9698 - val_loss: 0.0961 - val_acc: 0.9752
Epoch 10/20
48000/48000 [==============================] - 3s 62us/step - loss: 0.0951 - acc: 0.9721 - val_loss: 0.0968 - val_acc: 0.9738
Epoch 11/20
48000/48000 [==============================] - 3s 62us/step - loss: 0.0895 - acc: 0.9725 - val_loss: 0.0942 - val_acc: 0.9764
Epoch 12/20
48000/48000 [==============================] - 3s 62us/step - loss: 0.0880 - acc: 0.9741 - val_loss: 0.0971 - val_acc: 0.9746
Epoch 13/20
48000/48000 [==============================] - 3s 62us/step - loss: 0.0857 - acc: 0.9743 - val_loss: 0.0945 - val_acc: 0.9764
Epoch 14/20
48000/48000 [==============================] - 3s 61us/step - loss: 0.0827 - acc: 0.9754 - val_loss: 0.1043 - val_acc: 0.9754
Epoch 15/20
48000/48000 [==============================] - 3s 61us/step - loss: 0.0801 - acc: 0.9767 - val_loss: 0.0965 - val_acc: 0.9775
Epoch 16/20
48000/48000 [==============================] - 3s 61us/step - loss: 0.0780 - acc: 0.9766 - val_loss: 0.0974 - val_acc: 0.9773
Epoch 17/20
48000/48000 [==============================] - 3s 60us/step - loss: 0.0754 - acc: 0.9782 - val_loss: 0.1050 - val_acc: 0.9755
Epoch 18/20
48000/48000 [==============================] - 3s 60us/step - loss: 0.0754 - acc: 0.9776 - val_loss: 0.1009 - val_acc: 0.9769
Epoch 19/20
48000/48000 [==============================] - 3s 60us/step - loss: 0.0717 - acc: 0.9791 - val_loss: 0.1040 - val_acc: 0.9769
Epoch 20/20
48000/48000 [==============================] - 3s 60us/step - loss: 0.0701 - acc: 0.9795 - val_loss: 0.1024 - val_acc: 0.9778
10000/10000 [==============================] - 0s 43us/step
Test score: 0.0967458730517
Test accuracy: 0.9791
学習処理時間：0:01:01.380245