(keras) K:\python\envs\keras>python source/deep-learning-with-keras-ja/ch01/keras_MINST_V3_2.py
Using TensorFlow backend.
60000 train samples
10000 test samples
_________________________________________________________________
Layer (type)                 Output Shape              Param #
=================================================================
dense_1 (Dense)              (None, 128)               100480
_________________________________________________________________
activation_1 (Activation)    (None, 128)               0
_________________________________________________________________
dropout_1 (Dropout)          (None, 128)               0
_________________________________________________________________
dense_2 (Dense)              (None, 128)               16512
_________________________________________________________________
activation_2 (Activation)    (None, 128)               0
_________________________________________________________________
dropout_2 (Dropout)          (None, 128)               0
_________________________________________________________________
dense_3 (Dense)              (None, 10)                1290
_________________________________________________________________
activation_3 (Activation)    (None, 10)                0
=================================================================
Total params: 118,282
Trainable params: 118,282
Non-trainable params: 0
_________________________________________________________________
Train on 48000 samples, validate on 12000 samples
Epoch 1/250
48000/48000 [==============================] - 3s 55us/step - loss: 1.7404 - acc: 0.4539 - val_loss: 0.9292 - val_acc: 0.8123
Epoch 2/250
48000/48000 [==============================] - 3s 54us/step - loss: 0.9231 - acc: 0.7230 - val_loss: 0.5400 - val_acc: 0.8653
Epoch 3/250
48000/48000 [==============================] - 3s 54us/step - loss: 0.6934 - acc: 0.7882 - val_loss: 0.4297 - val_acc: 0.8883
Epoch 4/250
48000/48000 [==============================] - 3s 54us/step - loss: 0.5947 - acc: 0.8208 - val_loss: 0.3789 - val_acc: 0.8977
Epoch 5/250
48000/48000 [==============================] - 3s 54us/step - loss: 0.5347 - acc: 0.8394 - val_loss: 0.3456 - val_acc: 0.9039
Epoch 6/250
48000/48000 [==============================] - 3s 54us/step - loss: 0.4976 - acc: 0.8524 - val_loss: 0.3232 - val_acc: 0.9107
Epoch 7/250
48000/48000 [==============================] - 3s 54us/step - loss: 0.4616 - acc: 0.8628 - val_loss: 0.3048 - val_acc: 0.9128
Epoch 8/250
48000/48000 [==============================] - 3s 54us/step - loss: 0.4386 - acc: 0.8689 - val_loss: 0.2895 - val_acc: 0.9172
Epoch 9/250
48000/48000 [==============================] - 3s 54us/step - loss: 0.4181 - acc: 0.8760 - val_loss: 0.2776 - val_acc: 0.9199
Epoch 10/250
48000/48000 [==============================] - 3s 54us/step - loss: 0.3990 - acc: 0.8838 - val_loss: 0.2656 - val_acc: 0.9233
Epoch 11/250
48000/48000 [==============================] - 3s 54us/step - loss: 0.3819 - acc: 0.8877 - val_loss: 0.2552 - val_acc: 0.9257
Epoch 12/250
48000/48000 [==============================] - 3s 54us/step - loss: 0.3688 - acc: 0.8921 - val_loss: 0.2466 - val_acc: 0.9283
Epoch 13/250
48000/48000 [==============================] - 3s 54us/step - loss: 0.3571 - acc: 0.8943 - val_loss: 0.2388 - val_acc: 0.9301
Epoch 14/250
48000/48000 [==============================] - 3s 54us/step - loss: 0.3466 - acc: 0.8992 - val_loss: 0.2320 - val_acc: 0.9322
Epoch 15/250
48000/48000 [==============================] - 3s 54us/step - loss: 0.3359 - acc: 0.9015 - val_loss: 0.2261 - val_acc: 0.9339
Epoch 16/250
48000/48000 [==============================] - 3s 54us/step - loss: 0.3244 - acc: 0.9055 - val_loss: 0.2180 - val_acc: 0.9352
Epoch 17/250
48000/48000 [==============================] - 3s 54us/step - loss: 0.3142 - acc: 0.9085 - val_loss: 0.2122 - val_acc: 0.9378
Epoch 18/250
48000/48000 [==============================] - 3s 54us/step - loss: 0.3103 - acc: 0.9095 - val_loss: 0.2076 - val_acc: 0.9388
Epoch 19/250
48000/48000 [==============================] - 3s 54us/step - loss: 0.3019 - acc: 0.9119 - val_loss: 0.2018 - val_acc: 0.9410
Epoch 20/250
48000/48000 [==============================] - 3s 55us/step - loss: 0.2931 - acc: 0.9132 - val_loss: 0.1974 - val_acc: 0.9421
Epoch 21/250
48000/48000 [==============================] - 3s 54us/step - loss: 0.2866 - acc: 0.9171 - val_loss: 0.1920 - val_acc: 0.9438
Epoch 22/250
48000/48000 [==============================] - 3s 54us/step - loss: 0.2789 - acc: 0.9171 - val_loss: 0.1879 - val_acc: 0.9447
Epoch 23/250
48000/48000 [==============================] - 3s 54us/step - loss: 0.2730 - acc: 0.9200 - val_loss: 0.1842 - val_acc: 0.9464
Epoch 24/250
48000/48000 [==============================] - 3s 54us/step - loss: 0.2686 - acc: 0.9211 - val_loss: 0.1811 - val_acc: 0.9465
Epoch 25/250
48000/48000 [==============================] - 3s 54us/step - loss: 0.2618 - acc: 0.9234 - val_loss: 0.1770 - val_acc: 0.9479
Epoch 26/250
48000/48000 [==============================] - 3s 54us/step - loss: 0.2584 - acc: 0.9248 - val_loss: 0.1736 - val_acc: 0.9488
Epoch 27/250
48000/48000 [==============================] - 3s 54us/step - loss: 0.2540 - acc: 0.9253 - val_loss: 0.1706 - val_acc: 0.9495
Epoch 28/250
48000/48000 [==============================] - 3s 54us/step - loss: 0.2453 - acc: 0.9277 - val_loss: 0.1677 - val_acc: 0.9503
Epoch 29/250
48000/48000 [==============================] - 3s 54us/step - loss: 0.2427 - acc: 0.9274 - val_loss: 0.1641 - val_acc: 0.9517
Epoch 30/250
48000/48000 [==============================] - 3s 54us/step - loss: 0.2397 - acc: 0.9297 - val_loss: 0.1616 - val_acc: 0.9520
Epoch 31/250
48000/48000 [==============================] - 3s 54us/step - loss: 0.2361 - acc: 0.9303 - val_loss: 0.1590 - val_acc: 0.9533
Epoch 32/250
48000/48000 [==============================] - 3s 54us/step - loss: 0.2320 - acc: 0.9307 - val_loss: 0.1568 - val_acc: 0.9548
Epoch 33/250
48000/48000 [==============================] - 3s 55us/step - loss: 0.2285 - acc: 0.9327 - val_loss: 0.1534 - val_acc: 0.9552
Epoch 34/250
48000/48000 [==============================] - 3s 55us/step - loss: 0.2257 - acc: 0.9325 - val_loss: 0.1519 - val_acc: 0.9552
Epoch 35/250
48000/48000 [==============================] - 3s 54us/step - loss: 0.2214 - acc: 0.9354 - val_loss: 0.1502 - val_acc: 0.9555
Epoch 36/250
48000/48000 [==============================] - 3s 54us/step - loss: 0.2169 - acc: 0.9354 - val_loss: 0.1485 - val_acc: 0.9563
Epoch 37/250
48000/48000 [==============================] - 3s 54us/step - loss: 0.2125 - acc: 0.9376 - val_loss: 0.1459 - val_acc: 0.9569
Epoch 38/250
48000/48000 [==============================] - 3s 54us/step - loss: 0.2122 - acc: 0.9371 - val_loss: 0.1433 - val_acc: 0.9577
Epoch 39/250
48000/48000 [==============================] - 3s 54us/step - loss: 0.2091 - acc: 0.9386 - val_loss: 0.1422 - val_acc: 0.9576
Epoch 40/250
48000/48000 [==============================] - 3s 56us/step - loss: 0.2042 - acc: 0.9393 - val_loss: 0.1410 - val_acc: 0.9580
Epoch 41/250
48000/48000 [==============================] - 3s 54us/step - loss: 0.2028 - acc: 0.9398 - val_loss: 0.1397 - val_acc: 0.9584
Epoch 42/250
48000/48000 [==============================] - 3s 54us/step - loss: 0.1985 - acc: 0.9416 - val_loss: 0.1367 - val_acc: 0.9595
Epoch 43/250
48000/48000 [==============================] - 3s 54us/step - loss: 0.2003 - acc: 0.9409 - val_loss: 0.1350 - val_acc: 0.9606
Epoch 44/250
48000/48000 [==============================] - 3s 54us/step - loss: 0.1953 - acc: 0.9422 - val_loss: 0.1337 - val_acc: 0.9607
Epoch 45/250
48000/48000 [==============================] - 3s 54us/step - loss: 0.1921 - acc: 0.9431 - val_loss: 0.1332 - val_acc: 0.9602
Epoch 46/250
48000/48000 [==============================] - 3s 55us/step - loss: 0.1901 - acc: 0.9444 - val_loss: 0.1317 - val_acc: 0.9616
Epoch 47/250
48000/48000 [==============================] - 3s 54us/step - loss: 0.1877 - acc: 0.9450 - val_loss: 0.1299 - val_acc: 0.9611
Epoch 48/250
48000/48000 [==============================] - 3s 55us/step - loss: 0.1867 - acc: 0.9443 - val_loss: 0.1300 - val_acc: 0.9617
Epoch 49/250
48000/48000 [==============================] - 3s 54us/step - loss: 0.1865 - acc: 0.9453 - val_loss: 0.1283 - val_acc: 0.9613
Epoch 50/250
48000/48000 [==============================] - 3s 54us/step - loss: 0.1803 - acc: 0.9462 - val_loss: 0.1267 - val_acc: 0.9623
Epoch 51/250
48000/48000 [==============================] - 3s 54us/step - loss: 0.1823 - acc: 0.9466 - val_loss: 0.1254 - val_acc: 0.9636
Epoch 52/250
48000/48000 [==============================] - 3s 54us/step - loss: 0.1794 - acc: 0.9460 - val_loss: 0.1245 - val_acc: 0.9633
Epoch 53/250
48000/48000 [==============================] - 3s 54us/step - loss: 0.1753 - acc: 0.9479 - val_loss: 0.1233 - val_acc: 0.9634
Epoch 54/250
48000/48000 [==============================] - 3s 54us/step - loss: 0.1738 - acc: 0.9477 - val_loss: 0.1221 - val_acc: 0.9636
Epoch 55/250
48000/48000 [==============================] - 3s 54us/step - loss: 0.1736 - acc: 0.9492 - val_loss: 0.1209 - val_acc: 0.9646
Epoch 56/250
48000/48000 [==============================] - 3s 54us/step - loss: 0.1720 - acc: 0.9486 - val_loss: 0.1208 - val_acc: 0.9637
Epoch 57/250
48000/48000 [==============================] - 3s 54us/step - loss: 0.1693 - acc: 0.9504 - val_loss: 0.1189 - val_acc: 0.9649
Epoch 58/250
48000/48000 [==============================] - 3s 54us/step - loss: 0.1663 - acc: 0.9508 - val_loss: 0.1187 - val_acc: 0.9650
Epoch 59/250
48000/48000 [==============================] - 3s 54us/step - loss: 0.1682 - acc: 0.9501 - val_loss: 0.1173 - val_acc: 0.9654
Epoch 60/250
48000/48000 [==============================] - 3s 55us/step - loss: 0.1647 - acc: 0.9516 - val_loss: 0.1166 - val_acc: 0.9652
Epoch 61/250
48000/48000 [==============================] - 3s 55us/step - loss: 0.1615 - acc: 0.9522 - val_loss: 0.1157 - val_acc: 0.9656
Epoch 62/250
48000/48000 [==============================] - 3s 54us/step - loss: 0.1592 - acc: 0.9526 - val_loss: 0.1150 - val_acc: 0.9655
Epoch 63/250
48000/48000 [==============================] - 3s 54us/step - loss: 0.1587 - acc: 0.9533 - val_loss: 0.1142 - val_acc: 0.9658
Epoch 64/250
48000/48000 [==============================] - 3s 54us/step - loss: 0.1564 - acc: 0.9530 - val_loss: 0.1126 - val_acc: 0.9667
Epoch 65/250
48000/48000 [==============================] - 3s 54us/step - loss: 0.1560 - acc: 0.9540 - val_loss: 0.1128 - val_acc: 0.9670
Epoch 66/250
48000/48000 [==============================] - 3s 54us/step - loss: 0.1572 - acc: 0.9533 - val_loss: 0.1120 - val_acc: 0.9663
Epoch 67/250
48000/48000 [==============================] - 3s 54us/step - loss: 0.1554 - acc: 0.9547 - val_loss: 0.1105 - val_acc: 0.9668
Epoch 68/250
48000/48000 [==============================] - 3s 54us/step - loss: 0.1525 - acc: 0.9544 - val_loss: 0.1102 - val_acc: 0.9675
Epoch 69/250
48000/48000 [==============================] - 3s 54us/step - loss: 0.1523 - acc: 0.9554 - val_loss: 0.1089 - val_acc: 0.9677
Epoch 70/250
48000/48000 [==============================] - 3s 54us/step - loss: 0.1502 - acc: 0.9552 - val_loss: 0.1086 - val_acc: 0.9677
Epoch 71/250
48000/48000 [==============================] - 3s 54us/step - loss: 0.1478 - acc: 0.9566 - val_loss: 0.1082 - val_acc: 0.9681
Epoch 72/250
48000/48000 [==============================] - 3s 54us/step - loss: 0.1450 - acc: 0.9567 - val_loss: 0.1073 - val_acc: 0.9687
Epoch 73/250
48000/48000 [==============================] - 3s 54us/step - loss: 0.1462 - acc: 0.9567 - val_loss: 0.1068 - val_acc: 0.9680
Epoch 74/250
48000/48000 [==============================] - 3s 55us/step - loss: 0.1439 - acc: 0.9584 - val_loss: 0.1067 - val_acc: 0.9682
Epoch 75/250
48000/48000 [==============================] - 3s 54us/step - loss: 0.1447 - acc: 0.9565 - val_loss: 0.1059 - val_acc: 0.9682
Epoch 76/250
48000/48000 [==============================] - 3s 54us/step - loss: 0.1414 - acc: 0.9581 - val_loss: 0.1059 - val_acc: 0.9686
Epoch 77/250
48000/48000 [==============================] - 3s 54us/step - loss: 0.1421 - acc: 0.9579 - val_loss: 0.1055 - val_acc: 0.9682
Epoch 78/250
48000/48000 [==============================] - 3s 54us/step - loss: 0.1399 - acc: 0.9589 - val_loss: 0.1044 - val_acc: 0.9688
Epoch 79/250
48000/48000 [==============================] - 3s 55us/step - loss: 0.1415 - acc: 0.9572 - val_loss: 0.1041 - val_acc: 0.9687
Epoch 80/250
48000/48000 [==============================] - 3s 54us/step - loss: 0.1392 - acc: 0.9595 - val_loss: 0.1033 - val_acc: 0.9689
Epoch 81/250
48000/48000 [==============================] - 3s 54us/step - loss: 0.1371 - acc: 0.9591 - val_loss: 0.1036 - val_acc: 0.9688
Epoch 82/250
48000/48000 [==============================] - 3s 54us/step - loss: 0.1365 - acc: 0.9579 - val_loss: 0.1031 - val_acc: 0.9689
Epoch 83/250
48000/48000 [==============================] - 3s 54us/step - loss: 0.1344 - acc: 0.9597 - val_loss: 0.1020 - val_acc: 0.9693
Epoch 84/250
48000/48000 [==============================] - 3s 54us/step - loss: 0.1338 - acc: 0.9601 - val_loss: 0.1015 - val_acc: 0.9694
Epoch 85/250
48000/48000 [==============================] - 3s 54us/step - loss: 0.1337 - acc: 0.9602 - val_loss: 0.1015 - val_acc: 0.9696
Epoch 86/250
48000/48000 [==============================] - 3s 54us/step - loss: 0.1346 - acc: 0.9603 - val_loss: 0.1006 - val_acc: 0.9697
Epoch 87/250
48000/48000 [==============================] - 3s 54us/step - loss: 0.1304 - acc: 0.9607 - val_loss: 0.1004 - val_acc: 0.9702
Epoch 88/250
48000/48000 [==============================] - 3s 55us/step - loss: 0.1321 - acc: 0.9595 - val_loss: 0.1000 - val_acc: 0.9697
Epoch 89/250
48000/48000 [==============================] - 3s 54us/step - loss: 0.1304 - acc: 0.9608 - val_loss: 0.0991 - val_acc: 0.9702
Epoch 90/250
48000/48000 [==============================] - 3s 55us/step - loss: 0.1321 - acc: 0.9603 - val_loss: 0.0987 - val_acc: 0.9703
Epoch 91/250
48000/48000 [==============================] - 3s 55us/step - loss: 0.1286 - acc: 0.9621 - val_loss: 0.0982 - val_acc: 0.9707
Epoch 92/250
48000/48000 [==============================] - 3s 55us/step - loss: 0.1318 - acc: 0.9600 - val_loss: 0.0986 - val_acc: 0.9717
Epoch 93/250
48000/48000 [==============================] - 3s 55us/step - loss: 0.1285 - acc: 0.9616 - val_loss: 0.0977 - val_acc: 0.9709
Epoch 94/250
48000/48000 [==============================] - 3s 55us/step - loss: 0.1249 - acc: 0.9622 - val_loss: 0.0975 - val_acc: 0.9711
Epoch 95/250
48000/48000 [==============================] - 3s 54us/step - loss: 0.1265 - acc: 0.9626 - val_loss: 0.0975 - val_acc: 0.9712
Epoch 96/250
48000/48000 [==============================] - 3s 55us/step - loss: 0.1239 - acc: 0.9624 - val_loss: 0.0970 - val_acc: 0.9716
Epoch 97/250
48000/48000 [==============================] - 3s 55us/step - loss: 0.1241 - acc: 0.9621 - val_loss: 0.0961 - val_acc: 0.9712
Epoch 98/250
48000/48000 [==============================] - 3s 55us/step - loss: 0.1235 - acc: 0.9631 - val_loss: 0.0966 - val_acc: 0.9717
Epoch 99/250
48000/48000 [==============================] - 3s 54us/step - loss: 0.1217 - acc: 0.9645 - val_loss: 0.0957 - val_acc: 0.9717
Epoch 100/250
48000/48000 [==============================] - 3s 54us/step - loss: 0.1211 - acc: 0.9635 - val_loss: 0.0957 - val_acc: 0.9721
Epoch 101/250
48000/48000 [==============================] - 3s 55us/step - loss: 0.1227 - acc: 0.9630 - val_loss: 0.0961 - val_acc: 0.9722
Epoch 102/250
48000/48000 [==============================] - 3s 55us/step - loss: 0.1215 - acc: 0.9640 - val_loss: 0.0947 - val_acc: 0.9723
Epoch 103/250
48000/48000 [==============================] - 3s 54us/step - loss: 0.1192 - acc: 0.9645 - val_loss: 0.0950 - val_acc: 0.9720
Epoch 104/250
48000/48000 [==============================] - 3s 56us/step - loss: 0.1177 - acc: 0.9647 - val_loss: 0.0942 - val_acc: 0.9723
Epoch 105/250
48000/48000 [==============================] - 3s 55us/step - loss: 0.1164 - acc: 0.9655 - val_loss: 0.0943 - val_acc: 0.9728
Epoch 106/250
48000/48000 [==============================] - 3s 54us/step - loss: 0.1170 - acc: 0.9651 - val_loss: 0.0940 - val_acc: 0.9724
Epoch 107/250
48000/48000 [==============================] - 3s 54us/step - loss: 0.1169 - acc: 0.9648 - val_loss: 0.0940 - val_acc: 0.9729
Epoch 108/250
48000/48000 [==============================] - 3s 55us/step - loss: 0.1139 - acc: 0.9664 - val_loss: 0.0934 - val_acc: 0.9724
Epoch 109/250
48000/48000 [==============================] - 3s 55us/step - loss: 0.1146 - acc: 0.9658 - val_loss: 0.0933 - val_acc: 0.9734
Epoch 110/250
48000/48000 [==============================] - 9s 195us/step - loss: 0.1140 - acc: 0.9658 - val_loss: 0.0928 - val_acc: 0.9729
Epoch 111/250
48000/48000 [==============================] - 3s 55us/step - loss: 0.1146 - acc: 0.9657 - val_loss: 0.0927 - val_acc: 0.9722
Epoch 112/250
48000/48000 [==============================] - 3s 55us/step - loss: 0.1116 - acc: 0.9661 - val_loss: 0.0917 - val_acc: 0.9737
Epoch 113/250
48000/48000 [==============================] - 3s 54us/step - loss: 0.1126 - acc: 0.9659 - val_loss: 0.0921 - val_acc: 0.9732
Epoch 114/250
48000/48000 [==============================] - 3s 54us/step - loss: 0.1144 - acc: 0.9655 - val_loss: 0.0915 - val_acc: 0.9736
Epoch 115/250
48000/48000 [==============================] - 3s 54us/step - loss: 0.1113 - acc: 0.9662 - val_loss: 0.0914 - val_acc: 0.9741
Epoch 116/250
48000/48000 [==============================] - 3s 54us/step - loss: 0.1087 - acc: 0.9673 - val_loss: 0.0912 - val_acc: 0.9737
Epoch 117/250
48000/48000 [==============================] - 3s 54us/step - loss: 0.1115 - acc: 0.9664 - val_loss: 0.0912 - val_acc: 0.9737
Epoch 118/250
48000/48000 [==============================] - 3s 54us/step - loss: 0.1086 - acc: 0.9670 - val_loss: 0.0908 - val_acc: 0.9738
Epoch 119/250
48000/48000 [==============================] - 3s 54us/step - loss: 0.1117 - acc: 0.9659 - val_loss: 0.0910 - val_acc: 0.9741
Epoch 120/250
48000/48000 [==============================] - 3s 54us/step - loss: 0.1071 - acc: 0.9676 - val_loss: 0.0902 - val_acc: 0.9742
Epoch 121/250
48000/48000 [==============================] - 3s 54us/step - loss: 0.1084 - acc: 0.9671 - val_loss: 0.0905 - val_acc: 0.9745
Epoch 122/250
48000/48000 [==============================] - 3s 54us/step - loss: 0.1074 - acc: 0.9673 - val_loss: 0.0896 - val_acc: 0.9746
Epoch 123/250
48000/48000 [==============================] - 3s 54us/step - loss: 0.1043 - acc: 0.9678 - val_loss: 0.0891 - val_acc: 0.9747
Epoch 124/250
48000/48000 [==============================] - 3s 54us/step - loss: 0.1047 - acc: 0.9684 - val_loss: 0.0895 - val_acc: 0.9744
Epoch 125/250
48000/48000 [==============================] - 3s 54us/step - loss: 0.1043 - acc: 0.9691 - val_loss: 0.0893 - val_acc: 0.9745
Epoch 126/250
48000/48000 [==============================] - 3s 54us/step - loss: 0.1035 - acc: 0.9685 - val_loss: 0.0889 - val_acc: 0.9745
Epoch 127/250
48000/48000 [==============================] - 3s 54us/step - loss: 0.1033 - acc: 0.9686 - val_loss: 0.0890 - val_acc: 0.9746
Epoch 128/250
48000/48000 [==============================] - 3s 54us/step - loss: 0.1043 - acc: 0.9686 - val_loss: 0.0884 - val_acc: 0.9752
Epoch 129/250
48000/48000 [==============================] - 3s 54us/step - loss: 0.1050 - acc: 0.9675 - val_loss: 0.0883 - val_acc: 0.9752
Epoch 130/250
48000/48000 [==============================] - 3s 54us/step - loss: 0.1039 - acc: 0.9689 - val_loss: 0.0883 - val_acc: 0.9750
Epoch 131/250
48000/48000 [==============================] - 3s 54us/step - loss: 0.1025 - acc: 0.9689 - val_loss: 0.0876 - val_acc: 0.9751
Epoch 132/250
48000/48000 [==============================] - 3s 54us/step - loss: 0.0999 - acc: 0.9702 - val_loss: 0.0880 - val_acc: 0.9750
Epoch 133/250
48000/48000 [==============================] - 3s 55us/step - loss: 0.1009 - acc: 0.9687 - val_loss: 0.0877 - val_acc: 0.9752
Epoch 134/250
48000/48000 [==============================] - 3s 54us/step - loss: 0.0989 - acc: 0.9688 - val_loss: 0.0877 - val_acc: 0.9747
Epoch 135/250
48000/48000 [==============================] - 3s 54us/step - loss: 0.1008 - acc: 0.9693 - val_loss: 0.0880 - val_acc: 0.9749
Epoch 136/250
48000/48000 [==============================] - 3s 54us/step - loss: 0.1001 - acc: 0.9704 - val_loss: 0.0876 - val_acc: 0.9753
Epoch 137/250
48000/48000 [==============================] - 3s 54us/step - loss: 0.0996 - acc: 0.9694 - val_loss: 0.0878 - val_acc: 0.9757
Epoch 138/250
48000/48000 [==============================] - 3s 54us/step - loss: 0.1003 - acc: 0.9691 - val_loss: 0.0875 - val_acc: 0.9756
Epoch 139/250
48000/48000 [==============================] - 3s 54us/step - loss: 0.0975 - acc: 0.9706 - val_loss: 0.0873 - val_acc: 0.9755
Epoch 140/250
48000/48000 [==============================] - 3s 54us/step - loss: 0.0965 - acc: 0.9709 - val_loss: 0.0869 - val_acc: 0.9757
Epoch 141/250
48000/48000 [==============================] - 3s 54us/step - loss: 0.0971 - acc: 0.9698 - val_loss: 0.0867 - val_acc: 0.9761
Epoch 142/250
48000/48000 [==============================] - 3s 54us/step - loss: 0.0952 - acc: 0.9708 - val_loss: 0.0864 - val_acc: 0.9761
Epoch 143/250
48000/48000 [==============================] - 3s 55us/step - loss: 0.0969 - acc: 0.9704 - val_loss: 0.0868 - val_acc: 0.9760
Epoch 144/250
48000/48000 [==============================] - 3s 54us/step - loss: 0.0946 - acc: 0.9710 - val_loss: 0.0864 - val_acc: 0.9757
Epoch 145/250
48000/48000 [==============================] - 3s 54us/step - loss: 0.0961 - acc: 0.9708 - val_loss: 0.0859 - val_acc: 0.9759
Epoch 146/250
48000/48000 [==============================] - 3s 54us/step - loss: 0.0939 - acc: 0.9719 - val_loss: 0.0863 - val_acc: 0.9754
Epoch 147/250
48000/48000 [==============================] - 3s 54us/step - loss: 0.0936 - acc: 0.9713 - val_loss: 0.0865 - val_acc: 0.9759
Epoch 148/250
48000/48000 [==============================] - 3s 54us/step - loss: 0.0949 - acc: 0.9708 - val_loss: 0.0861 - val_acc: 0.9759
Epoch 149/250
48000/48000 [==============================] - 3s 54us/step - loss: 0.0925 - acc: 0.9720 - val_loss: 0.0856 - val_acc: 0.9758
Epoch 150/250
48000/48000 [==============================] - 3s 54us/step - loss: 0.0917 - acc: 0.9720 - val_loss: 0.0862 - val_acc: 0.9757
Epoch 151/250
48000/48000 [==============================] - 3s 54us/step - loss: 0.0942 - acc: 0.9717 - val_loss: 0.0856 - val_acc: 0.9761
Epoch 152/250
48000/48000 [==============================] - 3s 54us/step - loss: 0.0923 - acc: 0.9724 - val_loss: 0.0852 - val_acc: 0.9763
Epoch 153/250
48000/48000 [==============================] - 3s 54us/step - loss: 0.0892 - acc: 0.9726 - val_loss: 0.0852 - val_acc: 0.9761
Epoch 154/250
48000/48000 [==============================] - 3s 54us/step - loss: 0.0916 - acc: 0.9726 - val_loss: 0.0854 - val_acc: 0.9760
Epoch 155/250
48000/48000 [==============================] - 3s 54us/step - loss: 0.0909 - acc: 0.9725 - val_loss: 0.0850 - val_acc: 0.9761
Epoch 156/250
48000/48000 [==============================] - 3s 54us/step - loss: 0.0910 - acc: 0.9726 - val_loss: 0.0848 - val_acc: 0.9758
Epoch 157/250
48000/48000 [==============================] - 3s 54us/step - loss: 0.0901 - acc: 0.9730 - val_loss: 0.0849 - val_acc: 0.9761
Epoch 158/250
48000/48000 [==============================] - 3s 55us/step - loss: 0.0885 - acc: 0.9731 - val_loss: 0.0854 - val_acc: 0.9762
Epoch 159/250
48000/48000 [==============================] - 3s 54us/step - loss: 0.0877 - acc: 0.9727 - val_loss: 0.0846 - val_acc: 0.9762
Epoch 160/250
48000/48000 [==============================] - 3s 54us/step - loss: 0.0894 - acc: 0.9730 - val_loss: 0.0848 - val_acc: 0.9762
Epoch 161/250
48000/48000 [==============================] - 3s 54us/step - loss: 0.0887 - acc: 0.9730 - val_loss: 0.0842 - val_acc: 0.9766
Epoch 162/250
48000/48000 [==============================] - 3s 54us/step - loss: 0.0884 - acc: 0.9736 - val_loss: 0.0842 - val_acc: 0.9765
Epoch 163/250
48000/48000 [==============================] - 3s 54us/step - loss: 0.0869 - acc: 0.9732 - val_loss: 0.0846 - val_acc: 0.9766
Epoch 164/250
48000/48000 [==============================] - 3s 54us/step - loss: 0.0878 - acc: 0.9731 - val_loss: 0.0841 - val_acc: 0.9768
Epoch 165/250
48000/48000 [==============================] - 3s 54us/step - loss: 0.0860 - acc: 0.9736 - val_loss: 0.0839 - val_acc: 0.9765
Epoch 166/250
48000/48000 [==============================] - 3s 54us/step - loss: 0.0862 - acc: 0.9730 - val_loss: 0.0848 - val_acc: 0.9763
Epoch 167/250
48000/48000 [==============================] - 3s 54us/step - loss: 0.0857 - acc: 0.9736 - val_loss: 0.0846 - val_acc: 0.9761
Epoch 168/250
48000/48000 [==============================] - 3s 54us/step - loss: 0.0837 - acc: 0.9750 - val_loss: 0.0843 - val_acc: 0.9762
Epoch 169/250
48000/48000 [==============================] - 3s 54us/step - loss: 0.0853 - acc: 0.9740 - val_loss: 0.0839 - val_acc: 0.9758
Epoch 170/250
48000/48000 [==============================] - 3s 54us/step - loss: 0.0872 - acc: 0.9736 - val_loss: 0.0834 - val_acc: 0.9763
Epoch 171/250
48000/48000 [==============================] - 3s 54us/step - loss: 0.0854 - acc: 0.9739 - val_loss: 0.0832 - val_acc: 0.9765
Epoch 172/250
48000/48000 [==============================] - 3s 54us/step - loss: 0.0845 - acc: 0.9738 - val_loss: 0.0833 - val_acc: 0.9762
Epoch 173/250
48000/48000 [==============================] - 3s 54us/step - loss: 0.0858 - acc: 0.9740 - val_loss: 0.0840 - val_acc: 0.9765
Epoch 174/250
48000/48000 [==============================] - 3s 54us/step - loss: 0.0826 - acc: 0.9748 - val_loss: 0.0833 - val_acc: 0.9762
Epoch 175/250
48000/48000 [==============================] - 3s 54us/step - loss: 0.0856 - acc: 0.9732 - val_loss: 0.0837 - val_acc: 0.9764
Epoch 176/250
48000/48000 [==============================] - 3s 54us/step - loss: 0.0806 - acc: 0.9753 - val_loss: 0.0837 - val_acc: 0.9767
Epoch 177/250
48000/48000 [==============================] - 3s 54us/step - loss: 0.0823 - acc: 0.9751 - val_loss: 0.0828 - val_acc: 0.9769
Epoch 178/250
48000/48000 [==============================] - 3s 54us/step - loss: 0.0825 - acc: 0.9749 - val_loss: 0.0827 - val_acc: 0.9772
Epoch 179/250
48000/48000 [==============================] - 3s 54us/step - loss: 0.0812 - acc: 0.9751 - val_loss: 0.0822 - val_acc: 0.9764
Epoch 180/250
48000/48000 [==============================] - 3s 54us/step - loss: 0.0834 - acc: 0.9740 - val_loss: 0.0830 - val_acc: 0.9767
Epoch 181/250
48000/48000 [==============================] - 3s 54us/step - loss: 0.0811 - acc: 0.9750 - val_loss: 0.0818 - val_acc: 0.9770
Epoch 182/250
48000/48000 [==============================] - 3s 54us/step - loss: 0.0784 - acc: 0.9758 - val_loss: 0.0826 - val_acc: 0.9772
Epoch 183/250
48000/48000 [==============================] - 3s 53us/step - loss: 0.0802 - acc: 0.9759 - val_loss: 0.0824 - val_acc: 0.9767
Epoch 184/250
48000/48000 [==============================] - 3s 54us/step - loss: 0.0807 - acc: 0.9750 - val_loss: 0.0818 - val_acc: 0.9766
Epoch 185/250
48000/48000 [==============================] - 3s 54us/step - loss: 0.0791 - acc: 0.9755 - val_loss: 0.0822 - val_acc: 0.9763
Epoch 186/250
48000/48000 [==============================] - 3s 54us/step - loss: 0.0806 - acc: 0.9757 - val_loss: 0.0825 - val_acc: 0.9767
Epoch 187/250
48000/48000 [==============================] - 3s 54us/step - loss: 0.0785 - acc: 0.9757 - val_loss: 0.0821 - val_acc: 0.9764
Epoch 188/250
48000/48000 [==============================] - 3s 54us/step - loss: 0.0795 - acc: 0.9753 - val_loss: 0.0813 - val_acc: 0.9767
Epoch 189/250
48000/48000 [==============================] - 3s 54us/step - loss: 0.0775 - acc: 0.9759 - val_loss: 0.0820 - val_acc: 0.9767
Epoch 190/250
48000/48000 [==============================] - 3s 54us/step - loss: 0.0775 - acc: 0.9758 - val_loss: 0.0821 - val_acc: 0.9768
Epoch 191/250
48000/48000 [==============================] - 3s 54us/step - loss: 0.0780 - acc: 0.9768 - val_loss: 0.0822 - val_acc: 0.9768
Epoch 192/250
48000/48000 [==============================] - 3s 54us/step - loss: 0.0797 - acc: 0.9760 - val_loss: 0.0820 - val_acc: 0.9772
Epoch 193/250
48000/48000 [==============================] - 3s 54us/step - loss: 0.0775 - acc: 0.9762 - val_loss: 0.0818 - val_acc: 0.9769
Epoch 194/250
48000/48000 [==============================] - 3s 54us/step - loss: 0.0780 - acc: 0.9761 - val_loss: 0.0818 - val_acc: 0.9769
Epoch 195/250
48000/48000 [==============================] - 3s 54us/step - loss: 0.0767 - acc: 0.9763 - val_loss: 0.0820 - val_acc: 0.9764
Epoch 196/250
48000/48000 [==============================] - 3s 54us/step - loss: 0.0742 - acc: 0.9771 - val_loss: 0.0817 - val_acc: 0.9767
Epoch 197/250
48000/48000 [==============================] - 3s 54us/step - loss: 0.0770 - acc: 0.9757 - val_loss: 0.0816 - val_acc: 0.9764
Epoch 198/250
48000/48000 [==============================] - 3s 54us/step - loss: 0.0748 - acc: 0.9768 - val_loss: 0.0814 - val_acc: 0.9770
Epoch 199/250
48000/48000 [==============================] - 3s 54us/step - loss: 0.0750 - acc: 0.9770 - val_loss: 0.0811 - val_acc: 0.9771
Epoch 200/250
48000/48000 [==============================] - 3s 54us/step - loss: 0.0742 - acc: 0.9767 - val_loss: 0.0809 - val_acc: 0.9768
Epoch 201/250
48000/48000 [==============================] - 3s 54us/step - loss: 0.0746 - acc: 0.9762 - val_loss: 0.0814 - val_acc: 0.9770
Epoch 202/250
48000/48000 [==============================] - 3s 54us/step - loss: 0.0780 - acc: 0.9763 - val_loss: 0.0811 - val_acc: 0.9774
Epoch 203/250
48000/48000 [==============================] - 3s 54us/step - loss: 0.0748 - acc: 0.9772 - val_loss: 0.0810 - val_acc: 0.9769
Epoch 204/250
48000/48000 [==============================] - 3s 54us/step - loss: 0.0719 - acc: 0.9775 - val_loss: 0.0811 - val_acc: 0.9771
Epoch 205/250
48000/48000 [==============================] - 3s 54us/step - loss: 0.0752 - acc: 0.9769 - val_loss: 0.0813 - val_acc: 0.9772
Epoch 206/250
48000/48000 [==============================] - 3s 54us/step - loss: 0.0731 - acc: 0.9773 - val_loss: 0.0813 - val_acc: 0.9772
Epoch 207/250
48000/48000 [==============================] - 3s 54us/step - loss: 0.0724 - acc: 0.9774 - val_loss: 0.0810 - val_acc: 0.9765
Epoch 208/250
48000/48000 [==============================] - 3s 54us/step - loss: 0.0725 - acc: 0.9772 - val_loss: 0.0813 - val_acc: 0.9774
Epoch 209/250
48000/48000 [==============================] - 3s 54us/step - loss: 0.0732 - acc: 0.9774 - val_loss: 0.0813 - val_acc: 0.9770
Epoch 210/250
48000/48000 [==============================] - 3s 54us/step - loss: 0.0710 - acc: 0.9778 - val_loss: 0.0815 - val_acc: 0.9767
Epoch 211/250
48000/48000 [==============================] - 3s 54us/step - loss: 0.0733 - acc: 0.9765 - val_loss: 0.0818 - val_acc: 0.9772
Epoch 212/250
48000/48000 [==============================] - 3s 54us/step - loss: 0.0739 - acc: 0.9770 - val_loss: 0.0815 - val_acc: 0.9770
Epoch 213/250
48000/48000 [==============================] - 3s 54us/step - loss: 0.0724 - acc: 0.9779 - val_loss: 0.0809 - val_acc: 0.9776
Epoch 214/250
48000/48000 [==============================] - 3s 54us/step - loss: 0.0721 - acc: 0.9777 - val_loss: 0.0811 - val_acc: 0.9774
Epoch 215/250
48000/48000 [==============================] - 3s 54us/step - loss: 0.0705 - acc: 0.9785 - val_loss: 0.0809 - val_acc: 0.9772
Epoch 216/250
48000/48000 [==============================] - 3s 54us/step - loss: 0.0707 - acc: 0.9777 - val_loss: 0.0809 - val_acc: 0.9770
Epoch 217/250
48000/48000 [==============================] - 3s 54us/step - loss: 0.0707 - acc: 0.9782 - val_loss: 0.0807 - val_acc: 0.9774
Epoch 218/250
48000/48000 [==============================] - 3s 54us/step - loss: 0.0686 - acc: 0.9785 - val_loss: 0.0810 - val_acc: 0.9772
Epoch 219/250
48000/48000 [==============================] - 3s 54us/step - loss: 0.0707 - acc: 0.9779 - val_loss: 0.0802 - val_acc: 0.9772
Epoch 220/250
48000/48000 [==============================] - 3s 54us/step - loss: 0.0689 - acc: 0.9790 - val_loss: 0.0803 - val_acc: 0.9772
Epoch 221/250
48000/48000 [==============================] - 3s 54us/step - loss: 0.0705 - acc: 0.9779 - val_loss: 0.0811 - val_acc: 0.9768
Epoch 222/250
48000/48000 [==============================] - 3s 58us/step - loss: 0.0687 - acc: 0.9786 - val_loss: 0.0808 - val_acc: 0.9770
Epoch 223/250
48000/48000 [==============================] - 3s 59us/step - loss: 0.0707 - acc: 0.9773 - val_loss: 0.0807 - val_acc: 0.9771
Epoch 224/250
48000/48000 [==============================] - 3s 56us/step - loss: 0.0699 - acc: 0.9791 - val_loss: 0.0804 - val_acc: 0.9774
Epoch 225/250
48000/48000 [==============================] - 3s 54us/step - loss: 0.0673 - acc: 0.9788 - val_loss: 0.0806 - val_acc: 0.9779
Epoch 226/250
48000/48000 [==============================] - 3s 54us/step - loss: 0.0683 - acc: 0.9788 - val_loss: 0.0804 - val_acc: 0.9770
Epoch 227/250
48000/48000 [==============================] - 3s 54us/step - loss: 0.0667 - acc: 0.9791 - val_loss: 0.0807 - val_acc: 0.9772
Epoch 228/250
48000/48000 [==============================] - 3s 54us/step - loss: 0.0693 - acc: 0.9787 - val_loss: 0.0806 - val_acc: 0.9772
Epoch 229/250
48000/48000 [==============================] - 3s 54us/step - loss: 0.0687 - acc: 0.9783 - val_loss: 0.0805 - val_acc: 0.9773
Epoch 230/250
48000/48000 [==============================] - 3s 54us/step - loss: 0.0684 - acc: 0.9787 - val_loss: 0.0801 - val_acc: 0.9768
Epoch 231/250
48000/48000 [==============================] - 3s 55us/step - loss: 0.0672 - acc: 0.9794 - val_loss: 0.0799 - val_acc: 0.9773
Epoch 232/250
48000/48000 [==============================] - 3s 55us/step - loss: 0.0681 - acc: 0.9785 - val_loss: 0.0801 - val_acc: 0.9772
Epoch 233/250
48000/48000 [==============================] - 3s 54us/step - loss: 0.0647 - acc: 0.9796 - val_loss: 0.0806 - val_acc: 0.9777
Epoch 234/250
48000/48000 [==============================] - 3s 54us/step - loss: 0.0678 - acc: 0.9783 - val_loss: 0.0802 - val_acc: 0.9781
Epoch 235/250
48000/48000 [==============================] - 3s 54us/step - loss: 0.0663 - acc: 0.9793 - val_loss: 0.0795 - val_acc: 0.9773
Epoch 236/250
48000/48000 [==============================] - 3s 54us/step - loss: 0.0686 - acc: 0.9785 - val_loss: 0.0794 - val_acc: 0.9777
Epoch 237/250
48000/48000 [==============================] - 3s 54us/step - loss: 0.0650 - acc: 0.9798 - val_loss: 0.0799 - val_acc: 0.9777
Epoch 238/250
48000/48000 [==============================] - 3s 54us/step - loss: 0.0665 - acc: 0.9793 - val_loss: 0.0804 - val_acc: 0.9777
Epoch 239/250
48000/48000 [==============================] - 3s 54us/step - loss: 0.0669 - acc: 0.9793 - val_loss: 0.0807 - val_acc: 0.9780
Epoch 240/250
48000/48000 [==============================] - 3s 54us/step - loss: 0.0687 - acc: 0.9787 - val_loss: 0.0803 - val_acc: 0.9778
Epoch 241/250
48000/48000 [==============================] - 3s 54us/step - loss: 0.0648 - acc: 0.9798 - val_loss: 0.0806 - val_acc: 0.9776
Epoch 242/250
48000/48000 [==============================] - 3s 54us/step - loss: 0.0656 - acc: 0.9791 - val_loss: 0.0798 - val_acc: 0.9779
Epoch 243/250
48000/48000 [==============================] - 3s 54us/step - loss: 0.0658 - acc: 0.9792 - val_loss: 0.0796 - val_acc: 0.9777
Epoch 244/250
48000/48000 [==============================] - 3s 54us/step - loss: 0.0655 - acc: 0.9798 - val_loss: 0.0798 - val_acc: 0.9779
Epoch 245/250
48000/48000 [==============================] - 3s 54us/step - loss: 0.0634 - acc: 0.9805 - val_loss: 0.0799 - val_acc: 0.9777
Epoch 246/250
48000/48000 [==============================] - 3s 54us/step - loss: 0.0628 - acc: 0.9803 - val_loss: 0.0809 - val_acc: 0.9773
Epoch 247/250
48000/48000 [==============================] - 3s 54us/step - loss: 0.0621 - acc: 0.9803 - val_loss: 0.0801 - val_acc: 0.9777
Epoch 248/250
48000/48000 [==============================] - 3s 54us/step - loss: 0.0632 - acc: 0.9804 - val_loss: 0.0802 - val_acc: 0.9772
Epoch 249/250
48000/48000 [==============================] - 3s 54us/step - loss: 0.0636 - acc: 0.9800 - val_loss: 0.0804 - val_acc: 0.9777
Epoch 250/250
48000/48000 [==============================] - 3s 54us/step - loss: 0.0616 - acc: 0.9808 - val_loss: 0.0801 - val_acc: 0.9776
10000/10000 [==============================] - 0s 43us/step
Test score: 0.0773782510289
Test accuracy: 0.9779
学習処理時間：0:10:59.350533