(keras) K:\python\envs\keras>python source/deep-learning-with-keras-ja/ch01/keras_MINST_V2_3.py
Using TensorFlow backend.
60000 train samples
10000 test samples
_________________________________________________________________
Layer (type)                 Output Shape              Param #
=================================================================
dense_1 (Dense)              (None, 128)               100480
_________________________________________________________________
activation_1 (Activation)    (None, 128)               0
_________________________________________________________________
dense_2 (Dense)              (None, 128)               16512
_________________________________________________________________
activation_2 (Activation)    (None, 128)               0
_________________________________________________________________
dense_3 (Dense)              (None, 128)               16512
_________________________________________________________________
activation_3 (Activation)    (None, 128)               0
_________________________________________________________________
dense_4 (Dense)              (None, 128)               16512
_________________________________________________________________
activation_4 (Activation)    (None, 128)               0
_________________________________________________________________
dense_5 (Dense)              (None, 128)               16512
_________________________________________________________________
activation_5 (Activation)    (None, 128)               0
_________________________________________________________________
dense_6 (Dense)              (None, 128)               16512
_________________________________________________________________
activation_6 (Activation)    (None, 128)               0
_________________________________________________________________
dense_7 (Dense)              (None, 128)               16512
_________________________________________________________________
activation_7 (Activation)    (None, 128)               0
_________________________________________________________________
dense_8 (Dense)              (None, 10)                1290
_________________________________________________________________
activation_8 (Activation)    (None, 10)                0
=================================================================
Total params: 200,842
Trainable params: 200,842
Non-trainable params: 0
_________________________________________________________________
Train on 48000 samples, validate on 12000 samples
Epoch 1/200
48000/48000 [==============================] - 3s 72us/step - loss: 2.2566 - acc: 0.2632 - val_loss: 2.1363 - val_acc: 0.3562
Epoch 2/200
48000/48000 [==============================] - 3s 70us/step - loss: 1.5136 - acc: 0.5498 - val_loss: 0.7470 - val_acc: 0.7737
Epoch 3/200
48000/48000 [==============================] - 3s 71us/step - loss: 0.5884 - acc: 0.8170 - val_loss: 0.4288 - val_acc: 0.8758
Epoch 4/200
48000/48000 [==============================] - 3s 70us/step - loss: 0.4058 - acc: 0.8795 - val_loss: 0.3436 - val_acc: 0.9002
Epoch 5/200
48000/48000 [==============================] - 3s 71us/step - loss: 0.3273 - acc: 0.9042 - val_loss: 0.2856 - val_acc: 0.9143
Epoch 6/200
48000/48000 [==============================] - 3s 70us/step - loss: 0.2835 - acc: 0.9172 - val_loss: 0.2560 - val_acc: 0.9238
Epoch 7/200
48000/48000 [==============================] - 3s 70us/step - loss: 0.2527 - acc: 0.9260 - val_loss: 0.2418 - val_acc: 0.9298
Epoch 8/200
48000/48000 [==============================] - 3s 71us/step - loss: 0.2255 - acc: 0.9349 - val_loss: 0.2185 - val_acc: 0.9357
Epoch 9/200
48000/48000 [==============================] - 3s 70us/step - loss: 0.2051 - acc: 0.9397 - val_loss: 0.1961 - val_acc: 0.9431
Epoch 10/200
48000/48000 [==============================] - 3s 71us/step - loss: 0.1872 - acc: 0.9441 - val_loss: 0.1774 - val_acc: 0.9498
Epoch 11/200
48000/48000 [==============================] - 3s 71us/step - loss: 0.1717 - acc: 0.9489 - val_loss: 0.1675 - val_acc: 0.9511
Epoch 12/200
48000/48000 [==============================] - 3s 71us/step - loss: 0.1585 - acc: 0.9534 - val_loss: 0.1603 - val_acc: 0.9532
Epoch 13/200
48000/48000 [==============================] - 3s 71us/step - loss: 0.1474 - acc: 0.9561 - val_loss: 0.1617 - val_acc: 0.9534
Epoch 14/200
48000/48000 [==============================] - 3s 70us/step - loss: 0.1371 - acc: 0.9588 - val_loss: 0.1561 - val_acc: 0.9547
Epoch 15/200
48000/48000 [==============================] - 3s 70us/step - loss: 0.1274 - acc: 0.9617 - val_loss: 0.1446 - val_acc: 0.9574
Epoch 16/200
48000/48000 [==============================] - 3s 71us/step - loss: 0.1186 - acc: 0.9650 - val_loss: 0.1382 - val_acc: 0.9589
Epoch 17/200
48000/48000 [==============================] - 3s 71us/step - loss: 0.1129 - acc: 0.9660 - val_loss: 0.1427 - val_acc: 0.9587
Epoch 18/200
48000/48000 [==============================] - 3s 72us/step - loss: 0.1072 - acc: 0.9680 - val_loss: 0.1309 - val_acc: 0.9607
Epoch 19/200
48000/48000 [==============================] - 3s 71us/step - loss: 0.1006 - acc: 0.9698 - val_loss: 0.1259 - val_acc: 0.9622
Epoch 20/200
48000/48000 [==============================] - 3s 70us/step - loss: 0.0950 - acc: 0.9723 - val_loss: 0.1385 - val_acc: 0.9572
Epoch 21/200
48000/48000 [==============================] - 3s 71us/step - loss: 0.0889 - acc: 0.9737 - val_loss: 0.1221 - val_acc: 0.9638
Epoch 22/200
48000/48000 [==============================] - 3s 71us/step - loss: 0.0842 - acc: 0.9753 - val_loss: 0.1222 - val_acc: 0.9638
Epoch 23/200
48000/48000 [==============================] - 3s 71us/step - loss: 0.0806 - acc: 0.9760 - val_loss: 0.1205 - val_acc: 0.9644
Epoch 24/200
48000/48000 [==============================] - 3s 71us/step - loss: 0.0766 - acc: 0.9776 - val_loss: 0.1254 - val_acc: 0.9625
Epoch 25/200
48000/48000 [==============================] - 3s 71us/step - loss: 0.0728 - acc: 0.9784 - val_loss: 0.1203 - val_acc: 0.9652
Epoch 26/200
48000/48000 [==============================] - 3s 71us/step - loss: 0.0692 - acc: 0.9796 - val_loss: 0.1300 - val_acc: 0.9615
Epoch 27/200
48000/48000 [==============================] - 3s 71us/step - loss: 0.0655 - acc: 0.9814 - val_loss: 0.1210 - val_acc: 0.9660
Epoch 28/200
48000/48000 [==============================] - 3s 71us/step - loss: 0.0623 - acc: 0.9819 - val_loss: 0.1208 - val_acc: 0.9653
Epoch 29/200
48000/48000 [==============================] - 3s 70us/step - loss: 0.0592 - acc: 0.9829 - val_loss: 0.1179 - val_acc: 0.9673
Epoch 30/200
48000/48000 [==============================] - 3s 71us/step - loss: 0.0562 - acc: 0.9842 - val_loss: 0.1162 - val_acc: 0.9673
Epoch 31/200
48000/48000 [==============================] - 3s 71us/step - loss: 0.0538 - acc: 0.9846 - val_loss: 0.1185 - val_acc: 0.9670
Epoch 32/200
48000/48000 [==============================] - 3s 71us/step - loss: 0.0504 - acc: 0.9861 - val_loss: 0.1238 - val_acc: 0.9652
Epoch 33/200
48000/48000 [==============================] - 3s 71us/step - loss: 0.0474 - acc: 0.9861 - val_loss: 0.1187 - val_acc: 0.9670
Epoch 34/200
48000/48000 [==============================] - 3s 70us/step - loss: 0.0457 - acc: 0.9869 - val_loss: 0.1187 - val_acc: 0.9673
Epoch 35/200
48000/48000 [==============================] - 3s 71us/step - loss: 0.0443 - acc: 0.9871 - val_loss: 0.1154 - val_acc: 0.9692
Epoch 36/200
48000/48000 [==============================] - 3s 71us/step - loss: 0.0411 - acc: 0.9885 - val_loss: 0.1301 - val_acc: 0.9659
Epoch 37/200
48000/48000 [==============================] - 3s 72us/step - loss: 0.0390 - acc: 0.9890 - val_loss: 0.1230 - val_acc: 0.9664
Epoch 38/200
48000/48000 [==============================] - 3s 71us/step - loss: 0.0368 - acc: 0.9901 - val_loss: 0.1200 - val_acc: 0.9677
Epoch 39/200
48000/48000 [==============================] - 3s 71us/step - loss: 0.0349 - acc: 0.9909 - val_loss: 0.1229 - val_acc: 0.9670
Epoch 40/200
48000/48000 [==============================] - 3s 71us/step - loss: 0.0334 - acc: 0.9906 - val_loss: 0.1206 - val_acc: 0.9681
Epoch 41/200
48000/48000 [==============================] - 3s 71us/step - loss: 0.0313 - acc: 0.9915 - val_loss: 0.1287 - val_acc: 0.9664
Epoch 42/200
48000/48000 [==============================] - 3s 71us/step - loss: 0.0297 - acc: 0.9921 - val_loss: 0.1247 - val_acc: 0.9684
Epoch 43/200
48000/48000 [==============================] - 3s 71us/step - loss: 0.0272 - acc: 0.9931 - val_loss: 0.1273 - val_acc: 0.9686
Epoch 44/200
48000/48000 [==============================] - 3s 71us/step - loss: 0.0253 - acc: 0.9938 - val_loss: 0.1245 - val_acc: 0.9688
Epoch 45/200
48000/48000 [==============================] - 3s 71us/step - loss: 0.0242 - acc: 0.9939 - val_loss: 0.1240 - val_acc: 0.9693
Epoch 46/200
48000/48000 [==============================] - 3s 70us/step - loss: 0.0230 - acc: 0.9944 - val_loss: 0.1251 - val_acc: 0.9698
Epoch 47/200
48000/48000 [==============================] - 3s 71us/step - loss: 0.0217 - acc: 0.9946 - val_loss: 0.1230 - val_acc: 0.9702
Epoch 48/200
48000/48000 [==============================] - 3s 71us/step - loss: 0.0199 - acc: 0.9950 - val_loss: 0.1225 - val_acc: 0.9703
Epoch 49/200
48000/48000 [==============================] - 3s 71us/step - loss: 0.0189 - acc: 0.9954 - val_loss: 0.1234 - val_acc: 0.9699
Epoch 50/200
48000/48000 [==============================] - 3s 71us/step - loss: 0.0190 - acc: 0.9951 - val_loss: 0.1295 - val_acc: 0.9694
Epoch 51/200
48000/48000 [==============================] - 4s 74us/step - loss: 0.0166 - acc: 0.9961 - val_loss: 0.1889 - val_acc: 0.9580
Epoch 52/200
48000/48000 [==============================] - 3s 71us/step - loss: 0.0159 - acc: 0.9965 - val_loss: 0.1389 - val_acc: 0.9669
Epoch 53/200
48000/48000 [==============================] - 3s 71us/step - loss: 0.0144 - acc: 0.9969 - val_loss: 0.1281 - val_acc: 0.9695
Epoch 54/200
48000/48000 [==============================] - 3s 71us/step - loss: 0.0131 - acc: 0.9972 - val_loss: 0.1349 - val_acc: 0.9691
Epoch 55/200
48000/48000 [==============================] - 3s 71us/step - loss: 0.0120 - acc: 0.9978 - val_loss: 0.1340 - val_acc: 0.9694
Epoch 56/200
48000/48000 [==============================] - 3s 71us/step - loss: 0.0113 - acc: 0.9979 - val_loss: 0.1347 - val_acc: 0.9698
Epoch 57/200
48000/48000 [==============================] - 3s 71us/step - loss: 0.0101 - acc: 0.9982 - val_loss: 0.1336 - val_acc: 0.9699
Epoch 58/200
48000/48000 [==============================] - 3s 71us/step - loss: 0.0100 - acc: 0.9981 - val_loss: 0.1354 - val_acc: 0.9694
Epoch 59/200
48000/48000 [==============================] - 3s 71us/step - loss: 0.0092 - acc: 0.9986 - val_loss: 0.1346 - val_acc: 0.9711
Epoch 60/200
48000/48000 [==============================] - 3s 71us/step - loss: 0.0079 - acc: 0.9990 - val_loss: 0.1388 - val_acc: 0.9702
Epoch 61/200
48000/48000 [==============================] - 3s 71us/step - loss: 0.0073 - acc: 0.9990 - val_loss: 0.1382 - val_acc: 0.9697
Epoch 62/200
48000/48000 [==============================] - 3s 71us/step - loss: 0.0072 - acc: 0.9988 - val_loss: 0.1399 - val_acc: 0.9702
Epoch 63/200
48000/48000 [==============================] - 3s 71us/step - loss: 0.0065 - acc: 0.9991 - val_loss: 0.1511 - val_acc: 0.9682
Epoch 64/200
48000/48000 [==============================] - 3s 71us/step - loss: 0.0059 - acc: 0.9993 - val_loss: 0.1418 - val_acc: 0.9696
Epoch 65/200
48000/48000 [==============================] - 3s 71us/step - loss: 0.0054 - acc: 0.9994 - val_loss: 0.1434 - val_acc: 0.9702
Epoch 66/200
48000/48000 [==============================] - 3s 71us/step - loss: 0.0049 - acc: 0.9994 - val_loss: 0.1455 - val_acc: 0.9697
Epoch 67/200
48000/48000 [==============================] - 3s 71us/step - loss: 0.0044 - acc: 0.9997 - val_loss: 0.1448 - val_acc: 0.9702
Epoch 68/200
48000/48000 [==============================] - 3s 73us/step - loss: 0.0043 - acc: 0.9996 - val_loss: 0.1463 - val_acc: 0.9700
Epoch 69/200
48000/48000 [==============================] - 3s 72us/step - loss: 0.0038 - acc: 0.9997 - val_loss: 0.1481 - val_acc: 0.9698
Epoch 70/200
48000/48000 [==============================] - 3s 72us/step - loss: 0.0035 - acc: 0.9998 - val_loss: 0.1509 - val_acc: 0.9690
Epoch 71/200
48000/48000 [==============================] - 3s 72us/step - loss: 0.0033 - acc: 0.9998 - val_loss: 0.1487 - val_acc: 0.9698
Epoch 72/200
48000/48000 [==============================] - 3s 72us/step - loss: 0.0030 - acc: 0.9999 - val_loss: 0.1499 - val_acc: 0.9697
Epoch 73/200
48000/48000 [==============================] - 3s 72us/step - loss: 0.0028 - acc: 0.9999 - val_loss: 0.1508 - val_acc: 0.9698
Epoch 74/200
48000/48000 [==============================] - 3s 72us/step - loss: 0.0027 - acc: 0.9999 - val_loss: 0.1519 - val_acc: 0.9698
Epoch 75/200
48000/48000 [==============================] - 3s 72us/step - loss: 0.0025 - acc: 0.9999 - val_loss: 0.1532 - val_acc: 0.9701
Epoch 76/200
48000/48000 [==============================] - 3s 72us/step - loss: 0.0024 - acc: 1.0000 - val_loss: 0.1536 - val_acc: 0.9698
Epoch 77/200
48000/48000 [==============================] - 3s 72us/step - loss: 0.0023 - acc: 0.9999 - val_loss: 0.1552 - val_acc: 0.9697
Epoch 78/200
48000/48000 [==============================] - 3s 73us/step - loss: 0.0021 - acc: 1.0000 - val_loss: 0.1546 - val_acc: 0.9707
Epoch 79/200
48000/48000 [==============================] - 3s 71us/step - loss: 0.0020 - acc: 0.9999 - val_loss: 0.1556 - val_acc: 0.9700
Epoch 80/200
48000/48000 [==============================] - 3s 72us/step - loss: 0.0019 - acc: 0.9999 - val_loss: 0.1569 - val_acc: 0.9700
Epoch 81/200
48000/48000 [==============================] - 3s 71us/step - loss: 0.0019 - acc: 0.9999 - val_loss: 0.1585 - val_acc: 0.9701
Epoch 82/200
48000/48000 [==============================] - 3s 71us/step - loss: 0.0018 - acc: 1.0000 - val_loss: 0.1597 - val_acc: 0.9692
Epoch 83/200
48000/48000 [==============================] - 3s 71us/step - loss: 0.0017 - acc: 1.0000 - val_loss: 0.1587 - val_acc: 0.9701
Epoch 84/200
48000/48000 [==============================] - 3s 71us/step - loss: 0.0017 - acc: 1.0000 - val_loss: 0.1618 - val_acc: 0.9698
Epoch 85/200
48000/48000 [==============================] - 3s 71us/step - loss: 0.0016 - acc: 1.0000 - val_loss: 0.1606 - val_acc: 0.9699
Epoch 86/200
48000/48000 [==============================] - 3s 71us/step - loss: 0.0015 - acc: 1.0000 - val_loss: 0.1611 - val_acc: 0.9696
Epoch 87/200
48000/48000 [==============================] - 3s 71us/step - loss: 0.0015 - acc: 1.0000 - val_loss: 0.1623 - val_acc: 0.9696
Epoch 88/200
48000/48000 [==============================] - 3s 71us/step - loss: 0.0015 - acc: 1.0000 - val_loss: 0.1620 - val_acc: 0.9700
Epoch 89/200
48000/48000 [==============================] - 3s 71us/step - loss: 0.0014 - acc: 1.0000 - val_loss: 0.1638 - val_acc: 0.9696
Epoch 90/200
48000/48000 [==============================] - 3s 71us/step - loss: 0.0014 - acc: 1.0000 - val_loss: 0.1637 - val_acc: 0.9698
Epoch 91/200
48000/48000 [==============================] - 3s 71us/step - loss: 0.0013 - acc: 1.0000 - val_loss: 0.1642 - val_acc: 0.9700
Epoch 92/200
48000/48000 [==============================] - 3s 71us/step - loss: 0.0013 - acc: 1.0000 - val_loss: 0.1661 - val_acc: 0.9700
Epoch 93/200
48000/48000 [==============================] - 3s 71us/step - loss: 0.0013 - acc: 1.0000 - val_loss: 0.1651 - val_acc: 0.9697
Epoch 94/200
48000/48000 [==============================] - 3s 71us/step - loss: 0.0012 - acc: 1.0000 - val_loss: 0.1665 - val_acc: 0.9696
Epoch 95/200
48000/48000 [==============================] - 3s 72us/step - loss: 0.0012 - acc: 1.0000 - val_loss: 0.1674 - val_acc: 0.9699
Epoch 96/200
48000/48000 [==============================] - 3s 71us/step - loss: 0.0012 - acc: 1.0000 - val_loss: 0.1674 - val_acc: 0.9698
Epoch 97/200
48000/48000 [==============================] - 3s 71us/step - loss: 0.0011 - acc: 1.0000 - val_loss: 0.1677 - val_acc: 0.9696
Epoch 98/200
48000/48000 [==============================] - 3s 71us/step - loss: 0.0011 - acc: 1.0000 - val_loss: 0.1676 - val_acc: 0.9697
Epoch 99/200
48000/48000 [==============================] - 3s 71us/step - loss: 0.0011 - acc: 1.0000 - val_loss: 0.1681 - val_acc: 0.9699
Epoch 100/200
48000/48000 [==============================] - 3s 71us/step - loss: 0.0011 - acc: 1.0000 - val_loss: 0.1689 - val_acc: 0.9695
Epoch 101/200
48000/48000 [==============================] - 3s 71us/step - loss: 0.0010 - acc: 1.0000 - val_loss: 0.1694 - val_acc: 0.9697
Epoch 102/200
48000/48000 [==============================] - 3s 71us/step - loss: 0.0010 - acc: 1.0000 - val_loss: 0.1697 - val_acc: 0.9698
Epoch 103/200
48000/48000 [==============================] - 3s 71us/step - loss: 0.0010 - acc: 1.0000 - val_loss: 0.1700 - val_acc: 0.9704
Epoch 104/200
48000/48000 [==============================] - 3s 72us/step - loss: 9.8665e-04 - acc: 1.0000 - val_loss: 0.1703 - val_acc: 0.9698
Epoch 105/200
48000/48000 [==============================] - 3s 71us/step - loss: 9.7013e-04 - acc: 1.0000 - val_loss: 0.1712 - val_acc: 0.9698
Epoch 106/200
48000/48000 [==============================] - 3s 72us/step - loss: 9.5327e-04 - acc: 1.0000 - val_loss: 0.1719 - val_acc: 0.9698
Epoch 107/200
48000/48000 [==============================] - 3s 72us/step - loss: 9.3669e-04 - acc: 1.0000 - val_loss: 0.1717 - val_acc: 0.9701
Epoch 108/200
48000/48000 [==============================] - 3s 72us/step - loss: 9.2019e-04 - acc: 1.0000 - val_loss: 0.1722 - val_acc: 0.9698
Epoch 109/200
48000/48000 [==============================] - 3s 72us/step - loss: 9.0700e-04 - acc: 1.0000 - val_loss: 0.1728 - val_acc: 0.9698
Epoch 110/200
48000/48000 [==============================] - 3s 72us/step - loss: 8.9132e-04 - acc: 1.0000 - val_loss: 0.1736 - val_acc: 0.9699
Epoch 111/200
48000/48000 [==============================] - 3s 72us/step - loss: 8.8110e-04 - acc: 1.0000 - val_loss: 0.1737 - val_acc: 0.9701
Epoch 112/200
48000/48000 [==============================] - 3s 72us/step - loss: 8.6701e-04 - acc: 1.0000 - val_loss: 0.1737 - val_acc: 0.9698
Epoch 113/200
48000/48000 [==============================] - 3s 71us/step - loss: 8.5163e-04 - acc: 1.0000 - val_loss: 0.1748 - val_acc: 0.9698
Epoch 114/200
48000/48000 [==============================] - 3s 71us/step - loss: 8.4188e-04 - acc: 1.0000 - val_loss: 0.1750 - val_acc: 0.9698
Epoch 115/200
48000/48000 [==============================] - 3s 72us/step - loss: 8.3122e-04 - acc: 1.0000 - val_loss: 0.1750 - val_acc: 0.9701
Epoch 116/200
48000/48000 [==============================] - 3s 71us/step - loss: 8.2106e-04 - acc: 1.0000 - val_loss: 0.1757 - val_acc: 0.9698
Epoch 117/200
48000/48000 [==============================] - 3s 72us/step - loss: 8.1038e-04 - acc: 1.0000 - val_loss: 0.1759 - val_acc: 0.9698
Epoch 118/200
48000/48000 [==============================] - 3s 71us/step - loss: 7.9972e-04 - acc: 1.0000 - val_loss: 0.1768 - val_acc: 0.9698
Epoch 119/200
48000/48000 [==============================] - 3s 71us/step - loss: 7.8968e-04 - acc: 1.0000 - val_loss: 0.1762 - val_acc: 0.9698
Epoch 120/200
48000/48000 [==============================] - 3s 71us/step - loss: 7.7991e-04 - acc: 1.0000 - val_loss: 0.1772 - val_acc: 0.9702
Epoch 121/200
48000/48000 [==============================] - 3s 71us/step - loss: 7.7099e-04 - acc: 1.0000 - val_loss: 0.1774 - val_acc: 0.9697
Epoch 122/200
48000/48000 [==============================] - 3s 71us/step - loss: 7.6148e-04 - acc: 1.0000 - val_loss: 0.1776 - val_acc: 0.9696
Epoch 123/200
48000/48000 [==============================] - 3s 71us/step - loss: 7.5378e-04 - acc: 1.0000 - val_loss: 0.1785 - val_acc: 0.9701
Epoch 124/200
48000/48000 [==============================] - 3s 71us/step - loss: 7.4523e-04 - acc: 1.0000 - val_loss: 0.1785 - val_acc: 0.9698
Epoch 125/200
48000/48000 [==============================] - 3s 71us/step - loss: 7.3862e-04 - acc: 1.0000 - val_loss: 0.1786 - val_acc: 0.9698
Epoch 126/200
48000/48000 [==============================] - 3s 71us/step - loss: 7.2937e-04 - acc: 1.0000 - val_loss: 0.1794 - val_acc: 0.9698
Epoch 127/200
48000/48000 [==============================] - 3s 71us/step - loss: 7.2410e-04 - acc: 1.0000 - val_loss: 0.1791 - val_acc: 0.9698
Epoch 128/200
48000/48000 [==============================] - 3s 72us/step - loss: 7.1559e-04 - acc: 1.0000 - val_loss: 0.1787 - val_acc: 0.9702
Epoch 129/200
48000/48000 [==============================] - 3s 71us/step - loss: 7.0843e-04 - acc: 1.0000 - val_loss: 0.1800 - val_acc: 0.9698
Epoch 130/200
48000/48000 [==============================] - 3s 72us/step - loss: 7.0315e-04 - acc: 1.0000 - val_loss: 0.1804 - val_acc: 0.9698
Epoch 131/200
48000/48000 [==============================] - 3s 72us/step - loss: 6.9438e-04 - acc: 1.0000 - val_loss: 0.1798 - val_acc: 0.9699
Epoch 132/200
48000/48000 [==============================] - 3s 72us/step - loss: 6.9023e-04 - acc: 1.0000 - val_loss: 0.1798 - val_acc: 0.9703
Epoch 133/200
48000/48000 [==============================] - 3s 71us/step - loss: 6.8363e-04 - acc: 1.0000 - val_loss: 0.1808 - val_acc: 0.9699
Epoch 134/200
48000/48000 [==============================] - 3s 71us/step - loss: 6.7745e-04 - acc: 1.0000 - val_loss: 0.1811 - val_acc: 0.9696
Epoch 135/200
48000/48000 [==============================] - 3s 72us/step - loss: 6.7177e-04 - acc: 1.0000 - val_loss: 0.1813 - val_acc: 0.9697
Epoch 136/200
48000/48000 [==============================] - 3s 72us/step - loss: 6.6710e-04 - acc: 1.0000 - val_loss: 0.1817 - val_acc: 0.9696
Epoch 137/200
48000/48000 [==============================] - 3s 71us/step - loss: 6.5906e-04 - acc: 1.0000 - val_loss: 0.1823 - val_acc: 0.9697
Epoch 138/200
48000/48000 [==============================] - 3s 71us/step - loss: 6.5544e-04 - acc: 1.0000 - val_loss: 0.1823 - val_acc: 0.9696
Epoch 139/200
48000/48000 [==============================] - 3s 73us/step - loss: 6.5036e-04 - acc: 1.0000 - val_loss: 0.1823 - val_acc: 0.9698
Epoch 140/200
48000/48000 [==============================] - 3s 72us/step - loss: 6.4533e-04 - acc: 1.0000 - val_loss: 0.1830 - val_acc: 0.9696
Epoch 141/200
48000/48000 [==============================] - 3s 72us/step - loss: 6.3933e-04 - acc: 1.0000 - val_loss: 0.1825 - val_acc: 0.9698
Epoch 142/200
48000/48000 [==============================] - 3s 71us/step - loss: 6.3561e-04 - acc: 1.0000 - val_loss: 0.1829 - val_acc: 0.9698
Epoch 143/200
48000/48000 [==============================] - 3s 72us/step - loss: 6.2925e-04 - acc: 1.0000 - val_loss: 0.1836 - val_acc: 0.9697
Epoch 144/200
48000/48000 [==============================] - 3s 73us/step - loss: 6.2666e-04 - acc: 1.0000 - val_loss: 0.1841 - val_acc: 0.9696
Epoch 145/200
48000/48000 [==============================] - 4s 73us/step - loss: 6.2158e-04 - acc: 1.0000 - val_loss: 0.1841 - val_acc: 0.9696
Epoch 146/200
48000/48000 [==============================] - 3s 72us/step - loss: 6.1711e-04 - acc: 1.0000 - val_loss: 0.1839 - val_acc: 0.9695
Epoch 147/200
48000/48000 [==============================] - 4s 74us/step - loss: 6.1327e-04 - acc: 1.0000 - val_loss: 0.1844 - val_acc: 0.9698
Epoch 148/200
48000/48000 [==============================] - 4s 73us/step - loss: 6.1048e-04 - acc: 1.0000 - val_loss: 0.1847 - val_acc: 0.9698
Epoch 149/200
48000/48000 [==============================] - 4s 73us/step - loss: 6.0622e-04 - acc: 1.0000 - val_loss: 0.1848 - val_acc: 0.9698
Epoch 150/200
48000/48000 [==============================] - 4s 73us/step - loss: 6.0208e-04 - acc: 1.0000 - val_loss: 0.1848 - val_acc: 0.9700
Epoch 151/200
48000/48000 [==============================] - 3s 73us/step - loss: 5.9938e-04 - acc: 1.0000 - val_loss: 0.1855 - val_acc: 0.9702
Epoch 152/200
48000/48000 [==============================] - 4s 73us/step - loss: 5.9529e-04 - acc: 1.0000 - val_loss: 0.1854 - val_acc: 0.9698
Epoch 153/200
48000/48000 [==============================] - 3s 73us/step - loss: 5.9098e-04 - acc: 1.0000 - val_loss: 0.1859 - val_acc: 0.9698
Epoch 154/200
48000/48000 [==============================] - 3s 72us/step - loss: 5.8819e-04 - acc: 1.0000 - val_loss: 0.1858 - val_acc: 0.9697
Epoch 155/200
48000/48000 [==============================] - 3s 72us/step - loss: 5.8457e-04 - acc: 1.0000 - val_loss: 0.1861 - val_acc: 0.9698
Epoch 156/200
48000/48000 [==============================] - 3s 71us/step - loss: 5.8042e-04 - acc: 1.0000 - val_loss: 0.1864 - val_acc: 0.9695
Epoch 157/200
48000/48000 [==============================] - 3s 72us/step - loss: 5.7811e-04 - acc: 1.0000 - val_loss: 0.1864 - val_acc: 0.9697
Epoch 158/200
48000/48000 [==============================] - 3s 72us/step - loss: 5.7469e-04 - acc: 1.0000 - val_loss: 0.1867 - val_acc: 0.9699
Epoch 159/200
48000/48000 [==============================] - 3s 71us/step - loss: 5.7151e-04 - acc: 1.0000 - val_loss: 0.1869 - val_acc: 0.9701
Epoch 160/200
48000/48000 [==============================] - 3s 71us/step - loss: 5.6779e-04 - acc: 1.0000 - val_loss: 0.1872 - val_acc: 0.9698
Epoch 161/200
48000/48000 [==============================] - 3s 72us/step - loss: 5.6505e-04 - acc: 1.0000 - val_loss: 0.1876 - val_acc: 0.9698
Epoch 162/200
48000/48000 [==============================] - 3s 72us/step - loss: 5.6275e-04 - acc: 1.0000 - val_loss: 0.1876 - val_acc: 0.9700
Epoch 163/200
48000/48000 [==============================] - 3s 71us/step - loss: 5.6049e-04 - acc: 1.0000 - val_loss: 0.1878 - val_acc: 0.9699
Epoch 164/200
48000/48000 [==============================] - 3s 71us/step - loss: 5.5763e-04 - acc: 1.0000 - val_loss: 0.1879 - val_acc: 0.9697
Epoch 165/200
48000/48000 [==============================] - 3s 71us/step - loss: 5.5526e-04 - acc: 1.0000 - val_loss: 0.1880 - val_acc: 0.9698
Epoch 166/200
48000/48000 [==============================] - 3s 72us/step - loss: 5.5204e-04 - acc: 1.0000 - val_loss: 0.1886 - val_acc: 0.9699
Epoch 167/200
48000/48000 [==============================] - 3s 72us/step - loss: 5.4950e-04 - acc: 1.0000 - val_loss: 0.1884 - val_acc: 0.9695
Epoch 168/200
48000/48000 [==============================] - 3s 71us/step - loss: 5.4693e-04 - acc: 1.0000 - val_loss: 0.1884 - val_acc: 0.9697
Epoch 169/200
48000/48000 [==============================] - 3s 71us/step - loss: 5.4421e-04 - acc: 1.0000 - val_loss: 0.1889 - val_acc: 0.9698
Epoch 170/200
48000/48000 [==============================] - 3s 72us/step - loss: 5.4189e-04 - acc: 1.0000 - val_loss: 0.1893 - val_acc: 0.9697
Epoch 171/200
48000/48000 [==============================] - 4s 76us/step - loss: 5.3907e-04 - acc: 1.0000 - val_loss: 0.1892 - val_acc: 0.9698
Epoch 172/200
48000/48000 [==============================] - 4s 75us/step - loss: 5.3726e-04 - acc: 1.0000 - val_loss: 0.1893 - val_acc: 0.9697
Epoch 173/200
48000/48000 [==============================] - 3s 71us/step - loss: 5.3526e-04 - acc: 1.0000 - val_loss: 0.1896 - val_acc: 0.9699
Epoch 174/200
48000/48000 [==============================] - 3s 71us/step - loss: 5.3298e-04 - acc: 1.0000 - val_loss: 0.1897 - val_acc: 0.9697
Epoch 175/200
48000/48000 [==============================] - 3s 72us/step - loss: 5.3024e-04 - acc: 1.0000 - val_loss: 0.1896 - val_acc: 0.9698
Epoch 176/200
48000/48000 [==============================] - 3s 71us/step - loss: 5.2793e-04 - acc: 1.0000 - val_loss: 0.1899 - val_acc: 0.9696
Epoch 177/200
48000/48000 [==============================] - 3s 71us/step - loss: 5.2649e-04 - acc: 1.0000 - val_loss: 0.1904 - val_acc: 0.9698
Epoch 178/200
48000/48000 [==============================] - 3s 72us/step - loss: 5.2390e-04 - acc: 1.0000 - val_loss: 0.1904 - val_acc: 0.9698
Epoch 179/200
48000/48000 [==============================] - 3s 71us/step - loss: 5.2152e-04 - acc: 1.0000 - val_loss: 0.1906 - val_acc: 0.9698
Epoch 180/200
48000/48000 [==============================] - 3s 72us/step - loss: 5.2007e-04 - acc: 1.0000 - val_loss: 0.1907 - val_acc: 0.9697
Epoch 181/200
48000/48000 [==============================] - 3s 71us/step - loss: 5.1842e-04 - acc: 1.0000 - val_loss: 0.1910 - val_acc: 0.9700
Epoch 182/200
48000/48000 [==============================] - 3s 71us/step - loss: 5.1509e-04 - acc: 1.0000 - val_loss: 0.1915 - val_acc: 0.9697
Epoch 183/200
48000/48000 [==============================] - 3s 71us/step - loss: 5.1487e-04 - acc: 1.0000 - val_loss: 0.1912 - val_acc: 0.9702
Epoch 184/200
48000/48000 [==============================] - 3s 71us/step - loss: 5.1246e-04 - acc: 1.0000 - val_loss: 0.1917 - val_acc: 0.9697
Epoch 185/200
48000/48000 [==============================] - 3s 71us/step - loss: 5.1010e-04 - acc: 1.0000 - val_loss: 0.1912 - val_acc: 0.9699
Epoch 186/200
48000/48000 [==============================] - 3s 71us/step - loss: 5.0888e-04 - acc: 1.0000 - val_loss: 0.1916 - val_acc: 0.9695
Epoch 187/200
48000/48000 [==============================] - 3s 72us/step - loss: 5.0738e-04 - acc: 1.0000 - val_loss: 0.1920 - val_acc: 0.9697
Epoch 188/200
48000/48000 [==============================] - 3s 72us/step - loss: 5.0480e-04 - acc: 1.0000 - val_loss: 0.1919 - val_acc: 0.9700
Epoch 189/200
48000/48000 [==============================] - 3s 72us/step - loss: 5.0404e-04 - acc: 1.0000 - val_loss: 0.1923 - val_acc: 0.9698
Epoch 190/200
48000/48000 [==============================] - 3s 71us/step - loss: 5.0118e-04 - acc: 1.0000 - val_loss: 0.1925 - val_acc: 0.9698
Epoch 191/200
48000/48000 [==============================] - 3s 71us/step - loss: 5.0066e-04 - acc: 1.0000 - val_loss: 0.1926 - val_acc: 0.9697
Epoch 192/200
48000/48000 [==============================] - 3s 71us/step - loss: 4.9906e-04 - acc: 1.0000 - val_loss: 0.1925 - val_acc: 0.9698
Epoch 193/200
48000/48000 [==============================] - 3s 71us/step - loss: 4.9738e-04 - acc: 1.0000 - val_loss: 0.1927 - val_acc: 0.9698
Epoch 194/200
48000/48000 [==============================] - 3s 71us/step - loss: 4.9495e-04 - acc: 1.0000 - val_loss: 0.1930 - val_acc: 0.9698
Epoch 195/200
48000/48000 [==============================] - 3s 71us/step - loss: 4.9433e-04 - acc: 1.0000 - val_loss: 0.1927 - val_acc: 0.9699
Epoch 196/200
48000/48000 [==============================] - 3s 72us/step - loss: 4.9276e-04 - acc: 1.0000 - val_loss: 0.1930 - val_acc: 0.9695
Epoch 197/200
48000/48000 [==============================] - 3s 71us/step - loss: 4.9135e-04 - acc: 1.0000 - val_loss: 0.1931 - val_acc: 0.9698
Epoch 198/200
48000/48000 [==============================] - 3s 71us/step - loss: 4.8919e-04 - acc: 1.0000 - val_loss: 0.1934 - val_acc: 0.9698
Epoch 199/200
48000/48000 [==============================] - 3s 72us/step - loss: 4.8813e-04 - acc: 1.0000 - val_loss: 0.1935 - val_acc: 0.9698
Epoch 200/200
48000/48000 [==============================] - 3s 71us/step - loss: 4.8709e-04 - acc: 1.0000 - val_loss: 0.1936 - val_acc: 0.9698
10000/10000 [==============================] - 1s 59us/step
Test score: 0.19023445469
Test accuracy: 0.9712
学習処理時間：0:11:28.353039